DEBUG CourseDetailView has been debugged!
INFO CourseDetailView informs you!
WARNING CourseDetailView warns you!
ERROR CourseDetailView went wrong!
DEBUG App's DetailView has been debugged!
INFO Logger informs you!
WARNING Logger warns you!
ERROR App's DetailView went wrong!
DEBUG App's DetailView has been debugged!
INFO Logger informs you!
WARNING Logger warns you!
ERROR App's DetailView went wrong!
DEBUG App's DetailView has been debugged!
INFO Logger informs you!
WARNING Logger warns you!
ERROR App's DetailView went wrong!
DEBUG App's DetailView has been debugged!
INFO Logger informs you!
WARNING Logger warns you!
ERROR App's DetailView went wrong!
DEBUG App's DetailView has been debugged!
INFO Logger informs you!
WARNING Logger warns you!
ERROR App's DetailView went wrong!
DEBUG App's DetailView has been debugged!
INFO Logger informs you!
WARNING Logger warns you!
ERROR App's DetailView went wrong!
DEBUG App's DetailView has been debugged!
INFO Logger informs you!
WARNING Logger warns you!
ERROR App's DetailView went wrong!
DEBUG App's DetailView has been debugged!
INFO Logger informs you!
WARNING Logger warns you!
ERROR App's DetailView went wrong!
DEBUG App's DetailView has been debugged!
INFO Logger informs you!
WARNING Logger warns you!
ERROR App's DetailView went wrong!
DEBUG App's DetailView has been debugged!
INFO Logger informs you!
WARNING Logger warns you!
ERROR App's DetailView went wrong!
DEBUG App's DetailView has been debugged!
INFO Logger informs you!
WARNING Logger warns you!
ERROR App's DetailView went wrong!
DEBUG App's DetailView has been debugged!
INFO Logger informs you!
WARNING Logger warns you!
ERROR App's DetailView went wrong!
DEBUG App's DetailView has been debugged!
INFO Logger informs you!
WARNING Logger warns you!
ERROR App's DetailView went wrong!
DEBUG App's DetailView has been debugged!
INFO Logger informs you!
WARNING Logger warns you!
ERROR App's DetailView went wrong!
DEBUG App's DetailView has been debugged!
INFO Logger informs you!
WARNING Logger warns you!
ERROR App's DetailView went wrong!
DEBUG App's DetailView has been debugged!
INFO Logger informs you!
WARNING Logger warns you!
ERROR App's DetailView went wrong!
DEBUG App's DetailView has been debugged!
INFO Logger informs you!
WARNING Logger warns you!
ERROR App's DetailView went wrong!
DEBUG App's DetailView has been debugged!
INFO Logger informs you!
WARNING Logger warns you!
ERROR App's DetailView went wrong!
DEBUG App's DetailView has been debugged!
INFO Logger informs you!
WARNING Logger warns you!
ERROR App's DetailView went wrong!
DEBUG App's DetailView has been debugged!
INFO Logger informs you!
WARNING Logger warns you!
ERROR App's DetailView went wrong!
DEBUG App's DetailView has been debugged!
INFO Logger informs you!
WARNING Logger warns you!
ERROR App's DetailView went wrong!
