Debug error in student list
Debug error in student list
Debug error in student list
ERROR Debug error in student list
ERROR 2015-05-01 12:15:47,575 views 4938 140468419069696 Debug error in student list
ERROR 2015-05-01 12:15:55,526 views 4938 140468391270144 Debug error in student list
ERROR 2015-05-01 12:34:48,739 views 5145 140671893735168 Debug error in student list
ERROR 2015-05-01 13:03:50,968 views 5449 139755190609664 Debug error in student list
ERROR 2015-05-01 13:03:50,971 views 5449 139755190609664 Critical error in student list
ERROR 2015-05-01 13:05:56,885 views 5472 140236050921216 Critical error in student list
WARNING 2015-05-01 13:06:40,122 views 5487 140442273515264 Warning  in student list
ERROR 2015-05-01 13:06:40,122 views 5487 140442273515264 Critical error in student list
WARNING 2015-05-01 13:11:24,265 views 5487 140442273515264 Warning  in student list
ERROR 2015-05-01 13:11:24,265 views 5487 140442273515264 Critical error in student list
WARNING 2015-05-02 20:24:03,183 views 2617 139649703991040 Warning  in student list
ERROR 2015-05-02 20:24:03,183 views 2617 139649703991040 Critical error in student list
WARNING 2015-05-02 20:24:07,674 views 2617 139649703991040 Warning  in student list
ERROR 2015-05-02 20:24:07,674 views 2617 139649703991040 Critical error in student list
WARNING 2015-05-02 20:24:15,142 views 2617 139649703991040 Warning  in student list
ERROR 2015-05-02 20:24:15,142 views 2617 139649703991040 Critical error in student list
WARNING 2015-05-02 20:24:18,546 views 2617 139649703991040 Warning  in student list
ERROR 2015-05-02 20:24:18,547 views 2617 139649703991040 Critical error in student list
WARNING 2015-05-02 20:24:21,542 views 2617 139649703991040 Warning  in student list
ERROR 2015-05-02 20:24:21,542 views 2617 139649703991040 Critical error in student list
WARNING 2015-05-02 20:37:48,840 views 2617 139649932916480 Warning  in student list
ERROR 2015-05-02 20:37:48,841 views 2617 139649932916480 Critical error in student list
WARNING 2015-05-02 22:03:12,059 views 3331 140548011231040 Warning  in student list
ERROR 2015-05-02 22:03:12,059 views 3331 140548011231040 Critical error in student list
WARNING 2015-05-02 22:06:10,385 views 3349 139682695075648 Warning  in student list
ERROR 2015-05-02 22:06:10,387 views 3349 139682695075648 Critical error in student list
WARNING 2015-05-02 22:06:43,798 views 3353 139774888310592 Warning  in student list
ERROR 2015-05-02 22:06:43,798 views 3353 139774888310592 Critical error in student list
WARNING 2015-05-02 22:09:37,653 views 3367 139695172413248 Warning  in student list
ERROR 2015-05-02 22:09:37,653 views 3367 139695172413248 Critical error in student list
WARNING 2015-05-02 22:10:01,924 views 3371 140320872998720 Warning  in student list
ERROR 2015-05-02 22:10:01,924 views 3371 140320872998720 Critical error in student list
WARNING 2015-05-02 22:10:01,951 views 3371 140320872998720 Warning  in student list
ERROR 2015-05-02 22:10:01,951 views 3371 140320872998720 Critical error in student list
WARNING 2015-05-02 22:14:58,755 views 3386 140542343366464 Warning  in student list
ERROR 2015-05-02 22:14:58,755 views 3386 140542343366464 Critical error in student list
WARNING 2015-05-02 22:14:58,774 views 3386 140542343366464 Warning  in student list
ERROR 2015-05-02 22:14:58,774 views 3386 140542343366464 Critical error in student list
WARNING 2015-05-02 22:16:23,413 views 3391 140070056793920 Warning  in student list
ERROR 2015-05-02 22:16:23,413 views 3391 140070056793920 Critical error in student list
WARNING 2015-05-02 22:16:23,433 views 3391 140070056793920 Warning  in student list
ERROR 2015-05-02 22:16:23,436 views 3391 140070056793920 Critical error in student list
WARNING 2015-05-02 22:16:26,353 views 3394 140256643823424 Warning  in student list
ERROR 2015-05-02 22:16:26,353 views 3394 140256643823424 Critical error in student list
WARNING 2015-05-02 22:16:26,371 views 3394 140256643823424 Warning  in student list
ERROR 2015-05-02 22:16:26,372 views 3394 140256643823424 Critical error in student list
WARNING 2015-05-02 22:17:14,280 views 3400 140583442290496 Warning  in student list
ERROR 2015-05-02 22:17:14,280 views 3400 140583442290496 Critical error in student list
WARNING 2015-05-02 22:17:14,302 views 3400 140583442290496 Warning  in student list
ERROR 2015-05-02 22:17:14,302 views 3400 140583442290496 Critical error in student list
WARNING 2015-05-02 22:17:41,656 views 3405 140183158462272 Warning  in student list
ERROR 2015-05-02 22:17:41,656 views 3405 140183158462272 Critical error in student list
WARNING 2015-05-02 22:17:41,680 views 3405 140183158462272 Warning  in student list
ERROR 2015-05-02 22:17:41,680 views 3405 140183158462272 Critical error in student list
WARNING 2015-05-02 22:17:45,223 views 3408 140521707669312 Warning  in student list
ERROR 2015-05-02 22:17:45,223 views 3408 140521707669312 Critical error in student list
WARNING 2015-05-02 22:17:45,250 views 3408 140521707669312 Warning  in student list
ERROR 2015-05-02 22:17:45,250 views 3408 140521707669312 Critical error in student list
