DEBUG Some debug info for course - Math 103
INFO Some info discription for course - Math 103
WARNING Some warning info for course - Math 103
ERROR Some error info for course - Math 103
DEBUG Some debug info for course - Math 103
INFO Some info discription for course - Math 103
WARNING Some warning info for course - Math 103
ERROR Some error info for course - Math 103
DEBUG Some debug info for course - Eng 101
INFO Some info discription for course - Eng 101
WARNING Some warning info for course - Eng 101
ERROR Some error info for course - Eng 101
DEBUG Some debug info for course - Eng 101
INFO Some info discription for course - Eng 101
WARNING Some warning info for course - Eng 101
ERROR Some error info for course - Eng 101
DEBUG Some debug info for course - Eng 101
INFO Some info discription for course - Eng 101
WARNING Some warning info for course - Eng 101
ERROR Some error info for course - Eng 101
DEBUG Some debug info for course - Eng 101
INFO Some info discription for course - Eng 101
WARNING Some warning info for course - Eng 101
ERROR Some error info for course - Eng 101
DEBUG Some debug info for course - Eng 101
INFO Some info discription for course - Eng 101
WARNING Some warning info for course - Eng 101
ERROR Some error info for course - Eng 101
DEBUG Some debug info for course - Eng 101
INFO Some info discription for course - Eng 101
WARNING Some warning info for course - Eng 101
ERROR Some error info for course - Eng 101
DEBUG Some debug info for course - Eng 101
INFO Some info discription for course - Eng 101
WARNING Some warning info for course - Eng 101
ERROR Some error info for course - Eng 101
DEBUG Some debug info for course - Eng 101
INFO Some info discription for course - Eng 101
WARNING Some warning info for course - Eng 101
ERROR Some error info for course - Eng 101
DEBUG Some debug info for course - Eng 101
INFO Some info discription for course - Eng 101
WARNING Some warning info for course - Eng 101
ERROR Some error info for course - Eng 101
DEBUG Some debug info for course - Eng 101
INFO Some info discription for course - Eng 101
WARNING Some warning info for course - Eng 101
ERROR Some error info for course - Eng 101
DEBUG Some debug info for course - Eng 101
INFO Some info discription for course - Eng 101
WARNING Some warning info for course - Eng 101
ERROR Some error info for course - Eng 101
DEBUG Some debug info for course - Eng 101
INFO Some info discription for course - Eng 101
WARNING Some warning info for course - Eng 101
ERROR Some error info for course - Eng 101
DEBUG Some debug info for course - Eng 101
INFO Some info discription for course - Eng 101
WARNING Some warning info for course - Eng 101
ERROR Some error info for course - Eng 101
DEBUG Some debug info for course - Eng 101
INFO Some info discription for course - Eng 101
WARNING Some warning info for course - Eng 101
ERROR Some error info for course - Eng 101
DEBUG Some debug info for course - Eng 101
INFO Some info discription for course - Eng 101
WARNING Some warning info for course - Eng 101
ERROR Some error info for course - Eng 101
DEBUG Some debug info for course - Eng 101
INFO Some info discription for course - Eng 101
WARNING Some warning info for course - Eng 101
ERROR Some error info for course - Eng 101
DEBUG Some debug info for course - Eng 101
INFO Some info discription for course - Eng 101
WARNING Some warning info for course - Eng 101
ERROR Some error info for course - Eng 101
DEBUG Some debug info for course - Eng 101
INFO Some info discription for course - Eng 101
WARNING Some warning info for course - Eng 101
ERROR Some error info for course - Eng 101
DEBUG Some debug info for course - Eng 101
INFO Some info discription for course - Eng 101
WARNING Some warning info for course - Eng 101
ERROR Some error info for course - Eng 101
DEBUG Some debug info for course - Eng 101
INFO Some info discription for course - Eng 101
WARNING Some warning info for course - Eng 101
ERROR Some error info for course - Eng 101
DEBUG Some debug info for course - Eng 101
INFO Some info discription for course - Eng 101
WARNING Some warning info for course - Eng 101
ERROR Some error info for course - Eng 101
DEBUG Some debug info for course - Eng 101
INFO Some info discription for course - Eng 101
WARNING Some warning info for course - Eng 101
ERROR Some error info for course - Eng 101
DEBUG Some debug info for course - Eng 101
INFO Some info discription for course - Eng 101
WARNING Some warning info for course - Eng 101
ERROR Some error info for course - Eng 101
DEBUG Some debug info for course - Eng 101
INFO Some info discription for course - Eng 101
WARNING Some warning info for course - Eng 101
ERROR Some error info for course - Eng 101
DEBUG Some debug info for course - Eng 101
INFO Some info discription for course - Eng 101
WARNING Some warning info for course - Eng 101
ERROR Some error info for course - Eng 101
DEBUG Some debug info for course - Eng 101
INFO Some info discription for course - Eng 101
WARNING Some warning info for course - Eng 101
ERROR Some error info for course - Eng 101
DEBUG Some debug info for course - Eng 101
INFO Some info discription for course - Eng 101
WARNING Some warning info for course - Eng 101
ERROR Some error info for course - Eng 101
DEBUG Some debug info for course - Eng 101
INFO Some info discription for course - Eng 101
WARNING Some warning info for course - Eng 101
ERROR Some error info for course - Eng 101
DEBUG Some debug info for course - Eng 101
INFO Some info discription for course - Eng 101
WARNING Some warning info for course - Eng 101
ERROR Some error info for course - Eng 101
DEBUG Some debug info for course - Eng 101
INFO Some info discription for course - Eng 101
WARNING Some warning info for course - Eng 101
ERROR Some error info for course - Eng 101
DEBUG Some debug info for course - Eng 101
INFO Some info discription for course - Eng 101
WARNING Some warning info for course - Eng 101
ERROR Some error info for course - Eng 101
DEBUG Some debug info for course - Eng 101
INFO Some info discription for course - Eng 101
WARNING Some warning info for course - Eng 101
ERROR Some error info for course - Eng 101
DEBUG Some debug info for course - Eng 101
INFO Some info discription for course - Eng 101
WARNING Some warning info for course - Eng 101
ERROR Some error info for course - Eng 101
DEBUG Some debug info for course - Eng 101
INFO Some info discription for course - Eng 101
WARNING Some warning info for course - Eng 101
ERROR Some error info for course - Eng 101
DEBUG Some debug info for course - Eng 101
INFO Some info discription for course - Eng 101
WARNING Some warning info for course - Eng 101
ERROR Some error info for course - Eng 101
DEBUG Some debug info for course - Eng 101
INFO Some info discription for course - Eng 101
WARNING Some warning info for course - Eng 101
ERROR Some error info for course - Eng 101
DEBUG Some debug info for course - Eng 101
INFO Some info discription for course - Eng 101
WARNING Some warning info for course - Eng 101
ERROR Some error info for course - Eng 101
DEBUG Some debug info for course - Eng 101
INFO Some info discription for course - Eng 101
WARNING Some warning info for course - Eng 101
ERROR Some error info for course - Eng 101
DEBUG Some debug info for course - Eng 101
INFO Some info discription for course - Eng 101
WARNING Some warning info for course - Eng 101
ERROR Some error info for course - Eng 101
DEBUG Some debug info for course - Eng 101
INFO Some info discription for course - Eng 101
WARNING Some warning info for course - Eng 101
ERROR Some error info for course - Eng 101
DEBUG Some debug info for course - Eng 101
INFO Some info discription for course - Eng 101
WARNING Some warning info for course - Eng 101
ERROR Some error info for course - Eng 101
DEBUG Some debug info for course - Eng 101
INFO Some info discription for course - Eng 101
WARNING Some warning info for course - Eng 101
ERROR Some error info for course - Eng 101
DEBUG Some debug info for course - Eng 101
INFO Some info discription for course - Eng 101
WARNING Some warning info for course - Eng 101
ERROR Some error info for course - Eng 101
DEBUG Some debug info for course - Eng 101
INFO Some info discription for course - Eng 101
WARNING Some warning info for course - Eng 101
ERROR Some error info for course - Eng 101
DEBUG Some debug info for course - Eng 101
INFO Some info discription for course - Eng 101
WARNING Some warning info for course - Eng 101
ERROR Some error info for course - Eng 101
DEBUG Some debug info for course - Eng 101
INFO Some info discription for course - Eng 101
WARNING Some warning info for course - Eng 101
ERROR Some error info for course - Eng 101
DEBUG Some debug info for course - Eng 101
INFO Some info discription for course - Eng 101
WARNING Some warning info for course - Eng 101
ERROR Some error info for course - Eng 101
DEBUG Some debug info for course - Eng 101
INFO Some info discription for course - Eng 101
WARNING Some warning info for course - Eng 101
ERROR Some error info for course - Eng 101
DEBUG Some debug info for course - Eng 101
INFO Some info discription for course - Eng 101
WARNING Some warning info for course - Eng 101
ERROR Some error info for course - Eng 101
DEBUG Some debug info for course - Eng 101
INFO Some info discription for course - Eng 101
WARNING Some warning info for course - Eng 101
ERROR Some error info for course - Eng 101
DEBUG Some debug info for course - Eng 101
INFO Some info discription for course - Eng 101
WARNING Some warning info for course - Eng 101
ERROR Some error info for course - Eng 101
DEBUG Some debug info for course - Eng 101
INFO Some info discription for course - Eng 101
WARNING Some warning info for course - Eng 101
ERROR Some error info for course - Eng 101
