DEBUG Some debug info for course - RUBY
INFO Some info discription for course - RUBY
WARNING Some warning info for course - RUBY
ERROR Some error info for course - RUBY
DEBUG Some debug info for course - PyBursa02
INFO Some info discription for course - PyBursa02
WARNING Some warning info for course - PyBursa02
ERROR Some error info for course - PyBursa02
DEBUG Some debug info for course - PYTHON
INFO Some info discription for course - PYTHON
WARNING Some warning info for course - PYTHON
ERROR Some error info for course - PYTHON
DEBUG Some debug info for course - DJANGO
INFO Some info discription for course - DJANGO
WARNING Some warning info for course - DJANGO
ERROR Some error info for course - DJANGO
DEBUG Some debug info for course - PyBursa02
INFO Some info discription for course - PyBursa02
WARNING Some warning info for course - PyBursa02
ERROR Some error info for course - PyBursa02
DEBUG Some debug info for course - DJANGO
INFO Some info discription for course - DJANGO
WARNING Some warning info for course - DJANGO
ERROR Some error info for course - DJANGO
DEBUG Some debug info for course - PYTHON
INFO Some info discription for course - PYTHON
WARNING Some warning info for course - PYTHON
ERROR Some error info for course - PYTHON
DEBUG Some debug info for course - Новый курс
INFO Some info discription for course - Новый курс
WARNING Some warning info for course - Новый курс
ERROR Some error info for course - Новый курс
DEBUG Some debug info for course - Python
INFO Some info discription for course - Python
WARNING Some warning info for course - Python
ERROR Some error info for course - Python
DEBUG Some debug info for course - Python
INFO Some info discription for course - Python
WARNING Some warning info for course - Python
ERROR Some error info for course - Python
DEBUG Some debug info for course - Python
INFO Some info discription for course - Python
WARNING Some warning info for course - Python
ERROR Some error info for course - Python
DEBUG Some debug info for course - Python
INFO Some info discription for course - Python
WARNING Some warning info for course - Python
ERROR Some error info for course - Python
DEBUG Some debug info for course - DJANGO
INFO Some info discription for course - DJANGO
WARNING Some warning info for course - DJANGO
ERROR Some error info for course - DJANGO
DEBUG Some debug info for course - PYTHON
INFO Some info discription for course - PYTHON
WARNING Some warning info for course - PYTHON
ERROR Some error info for course - PYTHON
DEBUG Some debug info for course - PYTHON
INFO Some info discription for course - PYTHON
WARNING Some warning info for course - PYTHON
ERROR Some error info for course - PYTHON
DEBUG Some debug info for course - JS
INFO Some info discription for course - JS
WARNING Some warning info for course - JS
ERROR Some error info for course - JS
DEBUG Some debug info for course - PYTHON
INFO Some info discription for course - PYTHON
WARNING Some warning info for course - PYTHON
ERROR Some error info for course - PYTHON
DEBUG Some debug info for course - RUBY
INFO Some info discription for course - RUBY
WARNING Some warning info for course - RUBY
ERROR Some error info for course - RUBY
DEBUG Some debug info for course - PYTHON
INFO Some info discription for course - PYTHON
WARNING Some warning info for course - PYTHON
ERROR Some error info for course - PYTHON
DEBUG Some debug info for course - PYTHON
INFO Some info discription for course - PYTHON
WARNING Some warning info for course - PYTHON
ERROR Some error info for course - PYTHON
DEBUG Some debug info for course - PYTHON
INFO Some info discription for course - PYTHON
WARNING Some warning info for course - PYTHON
ERROR Some error info for course - PYTHON
DEBUG Some debug info for course - PYTHON
INFO Some info discription for course - PYTHON
WARNING Some warning info for course - PYTHON
ERROR Some error info for course - PYTHON
DEBUG Some debug info for course - PYTHON
INFO Some info discription for course - PYTHON
WARNING Some warning info for course - PYTHON
ERROR Some error info for course - PYTHON
DEBUG Some debug info for course - PYTHON
INFO Some info discription for course - PYTHON
WARNING Some warning info for course - PYTHON
ERROR Some error info for course - PYTHON
DEBUG Some debug info for course - PYTHON
INFO Some info discription for course - PYTHON
WARNING Some warning info for course - PYTHON
ERROR Some error info for course - PYTHON
DEBUG Some debug info for course - PYTHON
INFO Some info discription for course - PYTHON
WARNING Some warning info for course - PYTHON
ERROR Some error info for course - PYTHON
DEBUG Some debug info for course - PYTHON
INFO Some info discription for course - PYTHON
WARNING Some warning info for course - PYTHON
ERROR Some error info for course - PYTHON
DEBUG Some debug info for course - PYTHON
INFO Some info discription for course - PYTHON
WARNING Some warning info for course - PYTHON
ERROR Some error info for course - PYTHON
DEBUG Some debug info for course - PYTHON
INFO Some info discription for course - PYTHON
WARNING Some warning info for course - PYTHON
ERROR Some error info for course - PYTHON
DEBUG Some debug info for course - PYTHON
INFO Some info discription for course - PYTHON
WARNING Some warning info for course - PYTHON
ERROR Some error info for course - PYTHON
DEBUG Some debug info for course - PYTHON
INFO Some info discription for course - PYTHON
WARNING Some warning info for course - PYTHON
ERROR Some error info for course - PYTHON
DEBUG Some debug info for course - PYTHON
INFO Some info discription for course - PYTHON
WARNING Some warning info for course - PYTHON
ERROR Some error info for course - PYTHON
DEBUG Some debug info for course - PYTHON
INFO Some info discription for course - PYTHON
WARNING Some warning info for course - PYTHON
ERROR Some error info for course - PYTHON
DEBUG Some debug info for course - PYTHON
INFO Some info discription for course - PYTHON
WARNING Some warning info for course - PYTHON
ERROR Some error info for course - PYTHON
DEBUG Some debug info for course - PYTHON
INFO Some info discription for course - PYTHON
WARNING Some warning info for course - PYTHON
ERROR Some error info for course - PYTHON
DEBUG Some debug info for course - PYTHON
INFO Some info discription for course - PYTHON
WARNING Some warning info for course - PYTHON
ERROR Some error info for course - PYTHON
DEBUG Some debug info for course - DJANGO
INFO Some info discription for course - DJANGO
WARNING Some warning info for course - DJANGO
ERROR Some error info for course - DJANGO
DEBUG Some debug info for course - DJANGO
INFO Some info discription for course - DJANGO
WARNING Some warning info for course - DJANGO
ERROR Some error info for course - DJANGO
DEBUG Some debug info for course - DJANGO
INFO Some info discription for course - DJANGO
WARNING Some warning info for course - DJANGO
ERROR Some error info for course - DJANGO
DEBUG Some debug info for course - JS
INFO Some info discription for course - JS
WARNING Some warning info for course - JS
ERROR Some error info for course - JS
DEBUG Some debug info for course - RUBY
INFO Some info discription for course - RUBY
WARNING Some warning info for course - RUBY
ERROR Some error info for course - RUBY
DEBUG Some debug info for course - JAVA
INFO Some info discription for course - JAVA
WARNING Some warning info for course - JAVA
ERROR Some error info for course - JAVA
DEBUG Some debug info for course - JAVA
INFO Some info discription for course - JAVA
WARNING Some warning info for course - JAVA
ERROR Some error info for course - JAVA
DEBUG Some debug info for course - HTML5/CSS3
INFO Some info discription for course - HTML5/CSS3
WARNING Some warning info for course - HTML5/CSS3
ERROR Some error info for course - HTML5/CSS3
DEBUG Some debug info for course - JAVA
INFO Some info discription for course - JAVA
WARNING Some warning info for course - JAVA
ERROR Some error info for course - JAVA
DEBUG Some debug info for course - JAVA
INFO Some info discription for course - JAVA
WARNING Some warning info for course - JAVA
ERROR Some error info for course - JAVA
DEBUG Some debug info for course - JAVA
INFO Some info discription for course - JAVA
WARNING Some warning info for course - JAVA
ERROR Some error info for course - JAVA
DEBUG Some debug info for course - HTML5/CSS3
INFO Some info discription for course - HTML5/CSS3
WARNING Some warning info for course - HTML5/CSS3
ERROR Some error info for course - HTML5/CSS3
DEBUG Some debug info for course - JS
INFO Some info discription for course - JS
WARNING Some warning info for course - JS
ERROR Some error info for course - JS
DEBUG Some debug info for course - JS
INFO Some info discription for course - JS
WARNING Some warning info for course - JS
ERROR Some error info for course - JS
DEBUG Some debug info for course - DJANGO
INFO Some info discription for course - DJANGO
WARNING Some warning info for course - DJANGO
ERROR Some error info for course - DJANGO
DEBUG Some debug info for course - PYTHON
INFO Some info discription for course - PYTHON
WARNING Some warning info for course - PYTHON
ERROR Some error info for course - PYTHON
DEBUG Some debug info for course - JAVA
INFO Some info discription for course - JAVA
WARNING Some warning info for course - JAVA
ERROR Some error info for course - JAVA
DEBUG Some debug info for course - DJANGO
INFO Some info discription for course - DJANGO
WARNING Some warning info for course - DJANGO
ERROR Some error info for course - DJANGO
DEBUG Some debug info for course - JAVA
INFO Some info discription for course - JAVA
WARNING Some warning info for course - JAVA
ERROR Some error info for course - JAVA
DEBUG Some debug info for course - RUBY
INFO Some info discription for course - RUBY
WARNING Some warning info for course - RUBY
ERROR Some error info for course - RUBY
DEBUG Some debug info for course - RUBY
INFO Some info discription for course - RUBY
WARNING Some warning info for course - RUBY
ERROR Some error info for course - RUBY
DEBUG Some debug info for course - DJANGO
INFO Some info discription for course - DJANGO
WARNING Some warning info for course - DJANGO
ERROR Some error info for course - DJANGO
DEBUG Some debug info for course - JAVA
INFO Some info discription for course - JAVA
WARNING Some warning info for course - JAVA
ERROR Some error info for course - JAVA
DEBUG Some debug info for course - DJANGO
INFO Some info discription for course - DJANGO
WARNING Some warning info for course - DJANGO
ERROR Some error info for course - DJANGO
DEBUG Some debug info for course - DJANGO
INFO Some info discription for course - DJANGO
WARNING Some warning info for course - DJANGO
ERROR Some error info for course - DJANGO
DEBUG Some debug info for course - PYTHON
INFO Some info discription for course - PYTHON
WARNING Some warning info for course - PYTHON
ERROR Some error info for course - PYTHON
DEBUG Some debug info for course - RUBY
INFO Some info discription for course - RUBY
WARNING Some warning info for course - RUBY
ERROR Some error info for course - RUBY
DEBUG Some debug info for course - JS
INFO Some info discription for course - JS
WARNING Some warning info for course - JS
ERROR Some error info for course - JS
DEBUG Some debug info for course - DJANGO
INFO Some info discription for course - DJANGO
WARNING Some warning info for course - DJANGO
ERROR Some error info for course - DJANGO
