DEBUG: datetime 2015-05-01 02:26:06,559; module courses.views in CoursesForm; message: it works
DEBUG: datetime 2015-05-01 02:26:06,561; module courses.views in LessonForm; message: it works
DEBUG: datetime 2015-05-01 02:26:06,562; module courses.views in CoursesDetailView; message: it works
DEBUG: datetime 2015-05-01 02:26:06,562; module courses.views in CoursesCreateView; message: it works
DEBUG: datetime 2015-05-01 02:26:07,481; module courses.views in index; message: it works
DEBUG: datetime 2015-05-01 02:26:14,014; module courses.views in index; message: it works
WARNING: datetime 2015-05-01 02:26:14,014; module courses.views in index; message: unnecessary GET parameters
INFO: datetime 2015-05-01 02:26:18,114; module courses.views in get_context_data; message: works with context: {'lessons': [<Lesson: Вводное занятие>, <Lesson: Основное занятие>, <Lesson: Заключительное занятие>], 'courses': <Courses: python / django>, u'object': <Courses: python / django>, 'course': <Courses: python / django>, u'view': <courses.views.CoursesDetailView object at 0x7fb95c3d2bd0>}
ERROR: datetime 2015-05-01 02:26:23,726; module courses.views in add_lesson; message: Form is not valid!
    <ul class="errorlist"><li>thema<ul class="errorlist"><li>This field is required.</li></ul></li></ul>
ERROR: datetime 2015-05-01 02:26:27,542; module courses.views in add_lesson; message: Form is not valid!
    <ul class="errorlist"><li>text<ul class="errorlist"><li>This field is required.</li></ul></li><li>thema<ul class="errorlist"><li>This field is required.</li></ul></li></ul>
ERROR: datetime 2015-05-01 02:26:30,853; module courses.views in add_lesson; message: Form is not valid!
    <ul class="errorlist"><li>text<ul class="errorlist"><li>This field is required.</li></ul></li><li>num<ul class="errorlist"><li>This field is required.</li></ul></li><li>thema<ul class="errorlist"><li>This field is required.</li></ul></li></ul>
INFO: datetime 2015-05-01 02:26:34,136; module courses.views in get_context_data; message: works with context: {'lessons': [<Lesson: Вводное занятие>, <Lesson: Основное занятие>, <Lesson: Заключительное занятие>], 'courses': <Courses: python / django>, u'object': <Courses: python / django>, 'course': <Courses: python / django>, u'view': <courses.views.CoursesDetailView object at 0x7fb95c31c090>}
ERROR: datetime 2015-05-01 02:26:55,483; module students.views in delete; message: Student Василий Новиков was deleted
DEBUG: datetime 2015-05-01 02:26:57,065; module courses.views in index; message: it works
DEBUG: datetime 2015-05-01 02:37:24,134; module courses.views in index; message: it works
DEBUG: datetime 2015-05-01 02:40:45,150; module courses.views in CoursesForm; message: it works
DEBUG: datetime 2015-05-01 02:40:45,151; module courses.views in LessonForm; message: it works
DEBUG: datetime 2015-05-01 02:40:45,152; module courses.views in CoursesDetailView; message: it works
DEBUG: datetime 2015-05-01 02:40:45,153; module courses.views in CoursesCreateView; message: it works
DEBUG: datetime 2015-05-01 02:40:45,615; module courses.views in CoursesForm; message: it works
DEBUG: datetime 2015-05-01 02:40:45,617; module courses.views in LessonForm; message: it works
DEBUG: datetime 2015-05-01 02:40:45,619; module courses.views in CoursesDetailView; message: it works
DEBUG: datetime 2015-05-01 02:40:45,619; module courses.views in CoursesCreateView; message: it works
DEBUG: datetime 2015-05-01 02:40:50,425; module courses.views in index; message: it works
DEBUG: datetime 2015-05-01 02:43:44,821; module courses.views in CoursesForm; message: it works
DEBUG: datetime 2015-05-01 02:43:44,823; module courses.views in LessonForm; message: it works
DEBUG: datetime 2015-05-01 02:43:44,825; module courses.views in CoursesDetailView; message: it works
DEBUG: datetime 2015-05-01 02:43:44,825; module courses.views in CoursesCreateView; message: it works
DEBUG: datetime 2015-05-01 02:43:44,830; module courses.views in index; message: it works
DEBUG: datetime 2015-05-01 02:43:45,833; module courses.views in index; message: it works
DEBUG: datetime 2015-05-01 02:43:47,899; module courses.views in index; message: it works
DEBUG: datetime 2015-05-01 02:44:13,674; module courses.views in CoursesForm; message: it works
DEBUG: datetime 2015-05-01 02:44:13,676; module courses.views in LessonForm; message: it works
DEBUG: datetime 2015-05-01 02:44:13,677; module courses.views in CoursesDetailView; message: it works
DEBUG: datetime 2015-05-01 02:44:13,677; module courses.views in CoursesCreateView; message: it works
DEBUG: datetime 2015-05-01 02:44:14,180; module courses.views in index; message: it works
DEBUG: datetime 2015-05-01 02:46:22,247; module courses.views in CoursesForm; message: it works
DEBUG: datetime 2015-05-01 02:46:22,249; module courses.views in LessonForm; message: it works
DEBUG: datetime 2015-05-01 02:46:22,250; module courses.views in CoursesDetailView; message: it works
DEBUG: datetime 2015-05-01 02:46:22,250; module courses.views in CoursesCreateView; message: it works
DEBUG: datetime 2015-05-01 23:39:53,516; module courses.views in index; message: it works
DEBUG: datetime 2015-05-01 23:40:10,564; module courses.views in index; message: it works
DEBUG: datetime 2015-05-02 23:13:14,183; module courses.views in index; message: it works
DEBUG: datetime 2015-05-04 09:57:17,312; module courses.views in CoursesForm; message: it works
DEBUG: datetime 2015-05-04 09:57:17,314; module courses.views in LessonForm; message: it works
DEBUG: datetime 2015-05-04 09:57:17,315; module courses.views in CoursesDetailView; message: it works
DEBUG: datetime 2015-05-04 09:57:17,315; module courses.views in CoursesCreateView; message: it works
DEBUG: datetime 2015-05-04 09:57:17,319; module courses.views in index; message: it works
DEBUG: datetime 2015-05-04 10:17:35,472; module courses.views in CoursesForm; message: it works
DEBUG: datetime 2015-05-04 10:17:35,474; module courses.views in LessonForm; message: it works
DEBUG: datetime 2015-05-04 10:17:35,476; module courses.views in CoursesDetailView; message: it works
DEBUG: datetime 2015-05-04 10:17:35,476; module courses.views in CoursesCreateView; message: it works
DEBUG: datetime 2015-05-04 10:23:34,424; module courses.views in CoursesForm; message: it works
DEBUG: datetime 2015-05-04 10:23:34,426; module courses.views in LessonForm; message: it works
DEBUG: datetime 2015-05-04 10:23:34,428; module courses.views in CoursesDetailView; message: it works
DEBUG: datetime 2015-05-04 10:23:34,428; module courses.views in CoursesCreateView; message: it works
DEBUG: datetime 2015-05-04 10:24:23,290; module courses.views in CoursesForm; message: it works
DEBUG: datetime 2015-05-04 10:24:23,292; module courses.views in LessonForm; message: it works
DEBUG: datetime 2015-05-04 10:24:23,294; module courses.views in CoursesDetailView; message: it works
DEBUG: datetime 2015-05-04 10:24:23,294; module courses.views in CoursesCreateView; message: it works
DEBUG: datetime 2015-05-04 10:24:23,298; module courses.views in index; message: it works
INFO: datetime 2015-05-04 10:24:25,968; module courses.views in get_context_data; message: works with context: {'lessons': [<Lesson: Типы данных>, <Lesson: Массивы>, <Lesson: Переменные>], 'courses': <Courses: Java>, u'object': <Courses: Java>, 'course': <Courses: Java>, u'view': <courses.views.CoursesDetailView object at 0x7f1e152ebd10>}
DEBUG: datetime 2015-05-04 10:24:54,810; module courses.views in CoursesForm; message: it works
DEBUG: datetime 2015-05-04 10:24:54,811; module courses.views in LessonForm; message: it works
DEBUG: datetime 2015-05-04 10:24:54,812; module courses.views in CoursesDetailView; message: it works
DEBUG: datetime 2015-05-04 10:24:54,812; module courses.views in CoursesCreateView; message: it works
DEBUG: datetime 2015-05-04 10:25:48,559; module courses.views in CoursesForm; message: it works
DEBUG: datetime 2015-05-04 10:25:48,561; module courses.views in LessonForm; message: it works
DEBUG: datetime 2015-05-04 10:25:48,562; module courses.views in CoursesDetailView; message: it works
DEBUG: datetime 2015-05-04 10:25:48,562; module courses.views in CoursesCreateView; message: it works
DEBUG: datetime 2015-05-04 10:27:06,654; module courses.views in CoursesForm; message: it works
DEBUG: datetime 2015-05-04 10:27:06,655; module courses.views in LessonForm; message: it works
DEBUG: datetime 2015-05-04 10:27:06,656; module courses.views in CoursesDetailView; message: it works
DEBUG: datetime 2015-05-04 10:27:06,656; module courses.views in CoursesCreateView; message: it works
DEBUG: datetime 2015-05-04 10:29:26,257; module courses.views in CoursesForm; message: it works
DEBUG: datetime 2015-05-04 10:29:26,258; module courses.views in LessonForm; message: it works
DEBUG: datetime 2015-05-04 10:29:26,259; module courses.views in CoursesDetailView; message: it works
DEBUG: datetime 2015-05-04 10:29:26,259; module courses.views in CoursesCreateView; message: it works
DEBUG: datetime 2015-05-04 10:30:38,530; module courses.views in CoursesForm; message: it works
DEBUG: datetime 2015-05-04 10:30:38,531; module courses.views in LessonForm; message: it works
DEBUG: datetime 2015-05-04 10:30:38,532; module courses.views in CoursesDetailView; message: it works
DEBUG: datetime 2015-05-04 10:30:38,533; module courses.views in CoursesCreateView; message: it works
DEBUG: datetime 2015-05-04 10:32:33,779; module courses.views in CoursesForm; message: it works
DEBUG: datetime 2015-05-04 10:32:33,780; module courses.views in LessonForm; message: it works
DEBUG: datetime 2015-05-04 10:32:33,781; module courses.views in CoursesDetailView; message: it works
DEBUG: datetime 2015-05-04 10:32:33,781; module courses.views in CoursesCreateView; message: it works
DEBUG: datetime 2015-05-04 10:33:31,247; module courses.views in CoursesForm; message: it works
DEBUG: datetime 2015-05-04 10:33:31,248; module courses.views in LessonForm; message: it works
DEBUG: datetime 2015-05-04 10:33:31,249; module courses.views in CoursesDetailView; message: it works
DEBUG: datetime 2015-05-04 10:33:31,249; module courses.views in CoursesCreateView; message: it works
DEBUG: datetime 2015-05-04 10:34:30,473; module courses.views in CoursesForm; message: it works
DEBUG: datetime 2015-05-04 10:34:30,475; module courses.views in LessonForm; message: it works
DEBUG: datetime 2015-05-04 10:34:30,475; module courses.views in CoursesDetailView; message: it works
DEBUG: datetime 2015-05-04 10:34:30,476; module courses.views in CoursesCreateView; message: it works
DEBUG: datetime 2015-05-04 10:38:01,762; module courses.views in CoursesForm; message: it works
DEBUG: datetime 2015-05-04 10:38:01,764; module courses.views in LessonForm; message: it works
DEBUG: datetime 2015-05-04 10:38:01,765; module courses.views in CoursesDetailView; message: it works
DEBUG: datetime 2015-05-04 10:38:01,765; module courses.views in CoursesCreateView; message: it works
DEBUG: datetime 2015-05-04 10:38:14,766; module courses.views in CoursesForm; message: it works
DEBUG: datetime 2015-05-04 10:38:14,767; module courses.views in LessonForm; message: it works
DEBUG: datetime 2015-05-04 10:38:14,768; module courses.views in CoursesDetailView; message: it works
DEBUG: datetime 2015-05-04 10:38:14,768; module courses.views in CoursesCreateView; message: it works
DEBUG: datetime 2015-05-04 10:45:00,570; module courses.views in CoursesForm; message: it works
DEBUG: datetime 2015-05-04 10:45:00,571; module courses.views in LessonForm; message: it works
DEBUG: datetime 2015-05-04 10:45:00,576; module courses.views in CoursesDetailView; message: it works
DEBUG: datetime 2015-05-04 10:45:00,576; module courses.views in CoursesCreateView; message: it works
DEBUG: datetime 2015-05-04 10:45:26,931; module courses.views in CoursesForm; message: it works
DEBUG: datetime 2015-05-04 10:45:26,932; module courses.views in LessonForm; message: it works
DEBUG: datetime 2015-05-04 10:45:26,933; module courses.views in CoursesDetailView; message: it works
DEBUG: datetime 2015-05-04 10:45:26,933; module courses.views in CoursesCreateView; message: it works
DEBUG: datetime 2015-05-04 10:47:51,740; module courses.views in CoursesForm; message: it works
DEBUG: datetime 2015-05-04 10:47:51,742; module courses.views in LessonForm; message: it works
DEBUG: datetime 2015-05-04 10:47:51,744; module courses.views in CoursesDetailView; message: it works
DEBUG: datetime 2015-05-04 10:47:51,744; module courses.views in CoursesCreateView; message: it works
DEBUG: datetime 2015-05-04 10:48:26,491; module courses.views in index; message: it works
DEBUG: datetime 2015-05-04 10:48:35,521; module courses.views in CoursesForm; message: it works
DEBUG: datetime 2015-05-04 10:48:35,523; module courses.views in LessonForm; message: it works
DEBUG: datetime 2015-05-04 10:48:35,524; module courses.views in CoursesDetailView; message: it works
DEBUG: datetime 2015-05-04 10:48:35,524; module courses.views in CoursesCreateView; message: it works
DEBUG: datetime 2015-05-04 10:49:21,958; module courses.views in CoursesForm; message: it works
DEBUG: datetime 2015-05-04 10:49:21,960; module courses.views in LessonForm; message: it works
DEBUG: datetime 2015-05-04 10:49:21,960; module courses.views in CoursesDetailView; message: it works
DEBUG: datetime 2015-05-04 10:49:21,961; module courses.views in CoursesCreateView; message: it works
DEBUG: datetime 2015-05-04 10:49:39,835; module courses.views in CoursesForm; message: it works
DEBUG: datetime 2015-05-04 10:49:39,836; module courses.views in LessonForm; message: it works
DEBUG: datetime 2015-05-04 10:49:39,837; module courses.views in CoursesDetailView; message: it works
DEBUG: datetime 2015-05-04 10:49:39,837; module courses.views in CoursesCreateView; message: it works
DEBUG: datetime 2015-05-04 10:52:14,188; module courses.views in CoursesForm; message: it works
DEBUG: datetime 2015-05-04 10:52:14,189; module courses.views in LessonForm; message: it works
DEBUG: datetime 2015-05-04 10:52:14,190; module courses.views in CoursesDetailView; message: it works
DEBUG: datetime 2015-05-04 10:52:14,190; module courses.views in CoursesCreateView; message: it works
DEBUG: datetime 2015-05-04 11:04:27,984; module courses.views in CoursesForm; message: it works
DEBUG: datetime 2015-05-04 11:04:27,985; module courses.views in LessonForm; message: it works
DEBUG: datetime 2015-05-04 11:04:27,986; module courses.views in CoursesDetailView; message: it works
DEBUG: datetime 2015-05-04 11:04:27,986; module courses.views in CoursesCreateView; message: it works
DEBUG: datetime 2015-05-04 11:04:54,665; module courses.views in CoursesForm; message: it works
DEBUG: datetime 2015-05-04 11:04:54,667; module courses.views in LessonForm; message: it works
DEBUG: datetime 2015-05-04 11:04:54,667; module courses.views in CoursesDetailView; message: it works
DEBUG: datetime 2015-05-04 11:04:54,668; module courses.views in CoursesCreateView; message: it works
DEBUG: datetime 2015-05-04 11:55:15,033; module courses.views in CoursesForm; message: it works
DEBUG: datetime 2015-05-04 11:55:15,035; module courses.views in LessonForm; message: it works
DEBUG: datetime 2015-05-04 11:55:15,041; module courses.views in CoursesDetailView; message: it works
DEBUG: datetime 2015-05-04 11:55:15,041; module courses.views in CoursesCreateView; message: it works
DEBUG: datetime 2015-05-04 11:59:02,676; module courses.views in CoursesForm; message: it works
DEBUG: datetime 2015-05-04 11:59:02,677; module courses.views in LessonForm; message: it works
DEBUG: datetime 2015-05-04 11:59:02,680; module courses.views in CoursesDetailView; message: it works
DEBUG: datetime 2015-05-04 11:59:02,681; module courses.views in CoursesCreateView; message: it works
DEBUG: datetime 2015-05-04 11:59:35,467; module courses.views in CoursesForm; message: it works
DEBUG: datetime 2015-05-04 11:59:35,468; module courses.views in LessonForm; message: it works
DEBUG: datetime 2015-05-04 11:59:35,472; module courses.views in CoursesDetailView; message: it works
DEBUG: datetime 2015-05-04 11:59:35,472; module courses.views in CoursesCreateView; message: it works
DEBUG: datetime 2015-05-04 12:15:26,811; module courses.views in CoursesForm; message: it works
DEBUG: datetime 2015-05-04 12:15:26,813; module courses.views in LessonForm; message: it works
DEBUG: datetime 2015-05-04 12:15:26,813; module courses.views in CoursesDetailView; message: it works
DEBUG: datetime 2015-05-04 12:15:26,813; module courses.views in CoursesCreateView; message: it works
DEBUG: datetime 2015-05-04 12:23:03,285; module courses.views in CoursesForm; message: it works
DEBUG: datetime 2015-05-04 12:23:03,287; module courses.views in LessonForm; message: it works
DEBUG: datetime 2015-05-04 12:23:03,288; module courses.views in CoursesDetailView; message: it works
DEBUG: datetime 2015-05-04 12:23:03,288; module courses.views in CoursesCreateView; message: it works
DEBUG: datetime 2015-05-04 12:24:03,246; module courses.views in CoursesForm; message: it works
DEBUG: datetime 2015-05-04 12:24:03,247; module courses.views in LessonForm; message: it works
DEBUG: datetime 2015-05-04 12:24:03,248; module courses.views in CoursesDetailView; message: it works
DEBUG: datetime 2015-05-04 12:24:03,248; module courses.views in CoursesCreateView; message: it works
DEBUG: datetime 2015-05-04 12:24:43,111; module courses.views in CoursesForm; message: it works
DEBUG: datetime 2015-05-04 12:24:43,112; module courses.views in LessonForm; message: it works
DEBUG: datetime 2015-05-04 12:24:43,113; module courses.views in CoursesDetailView; message: it works
DEBUG: datetime 2015-05-04 12:24:43,113; module courses.views in CoursesCreateView; message: it works
DEBUG: datetime 2015-05-04 12:25:51,705; module courses.views in CoursesForm; message: it works
DEBUG: datetime 2015-05-04 12:25:51,706; module courses.views in LessonForm; message: it works
DEBUG: datetime 2015-05-04 12:25:51,707; module courses.views in CoursesDetailView; message: it works
DEBUG: datetime 2015-05-04 12:25:51,707; module courses.views in CoursesCreateView; message: it works
DEBUG: datetime 2015-05-04 12:26:58,329; module courses.views in CoursesForm; message: it works
DEBUG: datetime 2015-05-04 12:26:58,331; module courses.views in LessonForm; message: it works
DEBUG: datetime 2015-05-04 12:26:58,332; module courses.views in CoursesDetailView; message: it works
DEBUG: datetime 2015-05-04 12:26:58,332; module courses.views in CoursesCreateView; message: it works
DEBUG: datetime 2015-05-04 12:33:57,842; module courses.views in CoursesForm; message: it works
DEBUG: datetime 2015-05-04 12:33:57,843; module courses.views in LessonForm; message: it works
DEBUG: datetime 2015-05-04 12:33:57,844; module courses.views in CoursesDetailView; message: it works
DEBUG: datetime 2015-05-04 12:33:57,844; module courses.views in CoursesCreateView; message: it works
DEBUG: datetime 2015-05-04 12:38:51,747; module courses.views in CoursesForm; message: it works
DEBUG: datetime 2015-05-04 12:38:51,749; module courses.views in LessonForm; message: it works
DEBUG: datetime 2015-05-04 12:38:51,749; module courses.views in CoursesDetailView; message: it works
DEBUG: datetime 2015-05-04 12:38:51,750; module courses.views in CoursesCreateView; message: it works
DEBUG: datetime 2015-05-04 12:39:10,844; module courses.views in CoursesForm; message: it works
DEBUG: datetime 2015-05-04 12:39:10,846; module courses.views in LessonForm; message: it works
DEBUG: datetime 2015-05-04 12:39:10,847; module courses.views in CoursesDetailView; message: it works
DEBUG: datetime 2015-05-04 12:39:10,848; module courses.views in CoursesCreateView; message: it works
DEBUG: datetime 2015-05-04 12:39:26,853; module courses.views in CoursesForm; message: it works
DEBUG: datetime 2015-05-04 12:39:26,854; module courses.views in LessonForm; message: it works
DEBUG: datetime 2015-05-04 12:39:26,855; module courses.views in CoursesDetailView; message: it works
DEBUG: datetime 2015-05-04 12:39:26,855; module courses.views in CoursesCreateView; message: it works
DEBUG: datetime 2015-05-04 12:40:56,525; module courses.views in CoursesForm; message: it works
DEBUG: datetime 2015-05-04 12:40:56,528; module courses.views in LessonForm; message: it works
DEBUG: datetime 2015-05-04 12:40:56,530; module courses.views in CoursesDetailView; message: it works
DEBUG: datetime 2015-05-04 12:40:56,530; module courses.views in CoursesCreateView; message: it works
DEBUG: datetime 2015-05-04 12:52:15,895; module courses.views in CoursesForm; message: it works
DEBUG: datetime 2015-05-04 12:52:15,896; module courses.views in LessonForm; message: it works
DEBUG: datetime 2015-05-04 12:52:15,897; module courses.views in CoursesDetailView; message: it works
DEBUG: datetime 2015-05-04 12:52:15,897; module courses.views in CoursesCreateView; message: it works
DEBUG: datetime 2015-05-04 12:52:55,776; module courses.views in CoursesForm; message: it works
DEBUG: datetime 2015-05-04 12:52:55,778; module courses.views in LessonForm; message: it works
DEBUG: datetime 2015-05-04 12:52:55,778; module courses.views in CoursesDetailView; message: it works
DEBUG: datetime 2015-05-04 12:52:55,779; module courses.views in CoursesCreateView; message: it works
DEBUG: datetime 2015-05-04 13:09:21,972; module courses.views in CoursesForm; message: it works
DEBUG: datetime 2015-05-04 13:09:21,974; module courses.views in LessonForm; message: it works
DEBUG: datetime 2015-05-04 13:09:21,975; module courses.views in CoursesDetailView; message: it works
DEBUG: datetime 2015-05-04 13:09:21,975; module courses.views in CoursesCreateView; message: it works
DEBUG: datetime 2015-05-04 13:12:57,452; module courses.views in CoursesForm; message: it works
DEBUG: datetime 2015-05-04 13:12:57,454; module courses.views in LessonForm; message: it works
DEBUG: datetime 2015-05-04 13:12:57,454; module courses.views in CoursesDetailView; message: it works
DEBUG: datetime 2015-05-04 13:12:57,455; module courses.views in CoursesCreateView; message: it works
DEBUG: datetime 2015-05-04 13:13:21,460; module courses.views in CoursesForm; message: it works
DEBUG: datetime 2015-05-04 13:13:21,462; module courses.views in LessonForm; message: it works
DEBUG: datetime 2015-05-04 13:13:21,463; module courses.views in CoursesDetailView; message: it works
DEBUG: datetime 2015-05-04 13:13:21,463; module courses.views in CoursesCreateView; message: it works
DEBUG: datetime 2015-05-04 13:13:44,113; module courses.views in CoursesForm; message: it works
DEBUG: datetime 2015-05-04 13:13:44,114; module courses.views in LessonForm; message: it works
DEBUG: datetime 2015-05-04 13:13:44,115; module courses.views in CoursesDetailView; message: it works
DEBUG: datetime 2015-05-04 13:13:44,115; module courses.views in CoursesCreateView; message: it works
DEBUG: datetime 2015-05-04 13:14:22,603; module courses.views in CoursesForm; message: it works
DEBUG: datetime 2015-05-04 13:14:22,604; module courses.views in LessonForm; message: it works
DEBUG: datetime 2015-05-04 13:14:22,605; module courses.views in CoursesDetailView; message: it works
DEBUG: datetime 2015-05-04 13:14:22,605; module courses.views in CoursesCreateView; message: it works
DEBUG: datetime 2015-05-04 13:15:45,013; module courses.views in CoursesForm; message: it works
DEBUG: datetime 2015-05-04 13:15:45,014; module courses.views in LessonForm; message: it works
DEBUG: datetime 2015-05-04 13:15:45,015; module courses.views in CoursesDetailView; message: it works
DEBUG: datetime 2015-05-04 13:15:45,015; module courses.views in CoursesCreateView; message: it works
DEBUG: datetime 2015-05-04 13:17:42,512; module courses.views in CoursesForm; message: it works
DEBUG: datetime 2015-05-04 13:17:42,513; module courses.views in LessonForm; message: it works
DEBUG: datetime 2015-05-04 13:17:42,514; module courses.views in CoursesDetailView; message: it works
DEBUG: datetime 2015-05-04 13:17:42,514; module courses.views in CoursesCreateView; message: it works
DEBUG: datetime 2015-05-04 13:17:48,818; module courses.views in CoursesForm; message: it works
DEBUG: datetime 2015-05-04 13:17:48,819; module courses.views in LessonForm; message: it works
DEBUG: datetime 2015-05-04 13:17:48,820; module courses.views in CoursesDetailView; message: it works
DEBUG: datetime 2015-05-04 13:17:48,820; module courses.views in CoursesCreateView; message: it works
DEBUG: datetime 2015-05-04 13:18:27,387; module courses.views in CoursesForm; message: it works
DEBUG: datetime 2015-05-04 13:18:27,389; module courses.views in LessonForm; message: it works
DEBUG: datetime 2015-05-04 13:18:27,390; module courses.views in CoursesDetailView; message: it works
DEBUG: datetime 2015-05-04 13:18:27,390; module courses.views in CoursesCreateView; message: it works
INFO: datetime 2015-05-04 13:18:35,844; module courses.views in get_context_data; message: works with context: {'lessons': [<Lesson: Вводное занятие>, <Lesson: Основное занятие>, <Lesson: Заключительное занятие>], 'courses': <Courses: python / django>, u'object': <Courses: python / django>, 'course': <Courses: python / django>, u'view': <courses.views.CoursesDetailView object at 0x7f0ca2d54f10>}
DEBUG: datetime 2015-05-04 13:18:38,850; module courses.views in index; message: it works
DEBUG: datetime 2015-05-04 13:18:44,388; module courses.views in index; message: it works
DEBUG: datetime 2015-05-04 13:28:24,393; module courses.views in CoursesForm; message: it works
DEBUG: datetime 2015-05-04 13:28:24,395; module courses.views in LessonForm; message: it works
DEBUG: datetime 2015-05-04 13:28:24,397; module courses.views in CoursesDetailView; message: it works
DEBUG: datetime 2015-05-04 13:28:24,397; module courses.views in CoursesCreateView; message: it works
DEBUG: datetime 2015-05-04 13:28:24,400; module courses.views in index; message: it works
DEBUG: datetime 2015-05-04 13:32:11,987; module courses.views in CoursesForm; message: it works
DEBUG: datetime 2015-05-04 13:32:11,988; module courses.views in LessonForm; message: it works
DEBUG: datetime 2015-05-04 13:32:11,989; module courses.views in CoursesDetailView; message: it works
DEBUG: datetime 2015-05-04 13:32:11,989; module courses.views in CoursesCreateView; message: it works
DEBUG: datetime 2015-05-04 13:32:11,994; module courses.views in index; message: it works
DEBUG: datetime 2015-05-04 13:33:53,881; module courses.views in CoursesForm; message: it works
DEBUG: datetime 2015-05-04 13:33:53,883; module courses.views in LessonForm; message: it works
DEBUG: datetime 2015-05-04 13:33:53,883; module courses.views in CoursesDetailView; message: it works
DEBUG: datetime 2015-05-04 13:33:53,884; module courses.views in CoursesCreateView; message: it works
DEBUG: datetime 2015-05-04 13:33:53,887; module courses.views in index; message: it works
DEBUG: datetime 2015-05-04 13:34:43,967; module courses.views in CoursesForm; message: it works
DEBUG: datetime 2015-05-04 13:34:43,968; module courses.views in LessonForm; message: it works
DEBUG: datetime 2015-05-04 13:34:43,969; module courses.views in CoursesDetailView; message: it works
DEBUG: datetime 2015-05-04 13:34:43,969; module courses.views in CoursesCreateView; message: it works
DEBUG: datetime 2015-05-04 13:34:43,972; module courses.views in index; message: it works
DEBUG: datetime 2015-05-04 13:35:12,087; module courses.views in CoursesForm; message: it works
DEBUG: datetime 2015-05-04 13:35:12,088; module courses.views in LessonForm; message: it works
DEBUG: datetime 2015-05-04 13:35:12,089; module courses.views in CoursesDetailView; message: it works
DEBUG: datetime 2015-05-04 13:35:12,089; module courses.views in CoursesCreateView; message: it works
DEBUG: datetime 2015-05-04 13:35:12,092; module courses.views in index; message: it works
DEBUG: datetime 2015-05-04 13:39:06,343; module courses.views in index; message: it works
DEBUG: datetime 2015-05-04 13:39:23,737; module courses.views in CoursesForm; message: it works
DEBUG: datetime 2015-05-04 13:39:23,739; module courses.views in LessonForm; message: it works
DEBUG: datetime 2015-05-04 13:39:23,740; module courses.views in CoursesDetailView; message: it works
DEBUG: datetime 2015-05-04 13:39:23,740; module courses.views in CoursesCreateView; message: it works
DEBUG: datetime 2015-05-04 13:39:23,744; module courses.views in index; message: it works
DEBUG: datetime 2015-05-04 13:39:38,882; module courses.views in CoursesForm; message: it works
DEBUG: datetime 2015-05-04 13:39:38,883; module courses.views in LessonForm; message: it works
DEBUG: datetime 2015-05-04 13:39:38,884; module courses.views in CoursesDetailView; message: it works
DEBUG: datetime 2015-05-04 13:39:38,885; module courses.views in CoursesCreateView; message: it works
DEBUG: datetime 2015-05-04 13:39:38,888; module courses.views in index; message: it works
DEBUG: datetime 2015-05-04 13:39:51,236; module courses.views in CoursesForm; message: it works
DEBUG: datetime 2015-05-04 13:39:51,238; module courses.views in LessonForm; message: it works
DEBUG: datetime 2015-05-04 13:39:51,238; module courses.views in CoursesDetailView; message: it works
DEBUG: datetime 2015-05-04 13:39:51,239; module courses.views in CoursesCreateView; message: it works
DEBUG: datetime 2015-05-04 13:39:51,243; module courses.views in index; message: it works
DEBUG: datetime 2015-05-04 13:40:34,253; module courses.views in CoursesForm; message: it works
DEBUG: datetime 2015-05-04 13:40:34,254; module courses.views in LessonForm; message: it works
DEBUG: datetime 2015-05-04 13:40:34,255; module courses.views in CoursesDetailView; message: it works
DEBUG: datetime 2015-05-04 13:40:34,255; module courses.views in CoursesCreateView; message: it works
DEBUG: datetime 2015-05-04 13:40:34,260; module courses.views in index; message: it works
DEBUG: datetime 2015-05-04 13:40:40,674; module courses.views in CoursesForm; message: it works
DEBUG: datetime 2015-05-04 13:40:40,675; module courses.views in LessonForm; message: it works
DEBUG: datetime 2015-05-04 13:40:40,676; module courses.views in CoursesDetailView; message: it works
DEBUG: datetime 2015-05-04 13:40:40,676; module courses.views in CoursesCreateView; message: it works
DEBUG: datetime 2015-05-04 13:40:40,681; module courses.views in index; message: it works
DEBUG: datetime 2015-05-04 13:47:30,504; module courses.views in CoursesForm; message: it works
DEBUG: datetime 2015-05-04 13:47:30,505; module courses.views in LessonForm; message: it works
DEBUG: datetime 2015-05-04 13:47:30,511; module courses.views in CoursesDetailView; message: it works
DEBUG: datetime 2015-05-04 13:47:30,512; module courses.views in CoursesCreateView; message: it works
DEBUG: datetime 2015-05-04 13:47:30,522; module courses.views in index; message: it works
DEBUG: datetime 2015-05-04 13:47:30,554; module courses.views in index; message: it works
DEBUG: datetime 2015-05-04 13:48:20,328; module courses.views in CoursesForm; message: it works
DEBUG: datetime 2015-05-04 13:48:20,330; module courses.views in LessonForm; message: it works
DEBUG: datetime 2015-05-04 13:48:20,331; module courses.views in CoursesDetailView; message: it works
DEBUG: datetime 2015-05-04 13:48:20,331; module courses.views in CoursesCreateView; message: it works
DEBUG: datetime 2015-05-04 13:48:20,335; module courses.views in index; message: it works
DEBUG: datetime 2015-05-04 13:48:20,352; module courses.views in index; message: it works
DEBUG: datetime 2015-05-04 13:54:20,980; module courses.views in CoursesForm; message: it works
DEBUG: datetime 2015-05-04 13:54:20,981; module courses.views in LessonForm; message: it works
DEBUG: datetime 2015-05-04 13:54:20,982; module courses.views in CoursesDetailView; message: it works
DEBUG: datetime 2015-05-04 13:54:20,982; module courses.views in CoursesCreateView; message: it works
DEBUG: datetime 2015-05-04 13:54:20,986; module courses.views in index; message: it works
DEBUG: datetime 2015-05-04 13:54:21,006; module courses.views in index; message: it works
DEBUG: datetime 2015-05-04 13:54:21,015; module courses.views in index; message: it works
DEBUG: datetime 2015-05-04 13:55:35,997; module courses.views in index; message: it works
DEBUG: datetime 2015-05-04 13:59:12,124; module courses.views in CoursesForm; message: it works
DEBUG: datetime 2015-05-04 13:59:12,126; module courses.views in LessonForm; message: it works
DEBUG: datetime 2015-05-04 13:59:12,127; module courses.views in CoursesDetailView; message: it works
DEBUG: datetime 2015-05-04 13:59:12,128; module courses.views in CoursesCreateView; message: it works
INFO: datetime 2015-05-04 13:59:12,139; module courses.views in get_context_data; message: works with context: {'lessons': [<Lesson: Вводное занятие>, <Lesson: Основное занятие>, <Lesson: Заключительное занятие>], 'courses': <Courses: python / django>, u'object': <Courses: python / django>, 'course': <Courses: python / django>, u'view': <courses.views.CoursesDetailView object at 0x7fe198b73590>}
DEBUG: datetime 2015-05-04 14:16:09,053; module courses.views in CoursesForm; message: it works
DEBUG: datetime 2015-05-04 14:16:09,054; module courses.views in LessonForm; message: it works
DEBUG: datetime 2015-05-04 14:16:09,055; module courses.views in CoursesDetailView; message: it works
DEBUG: datetime 2015-05-04 14:16:09,055; module courses.views in CoursesCreateView; message: it works
DEBUG: datetime 2015-05-04 14:16:09,060; module courses.views in index; message: it works
DEBUG: datetime 2015-05-04 14:16:09,079; module courses.views in index; message: it works
DEBUG: datetime 2015-05-04 14:16:09,090; module courses.views in index; message: it works
DEBUG: datetime 2015-05-04 14:17:19,598; module courses.views in CoursesForm; message: it works
DEBUG: datetime 2015-05-04 14:17:19,599; module courses.views in LessonForm; message: it works
DEBUG: datetime 2015-05-04 14:17:19,600; module courses.views in CoursesDetailView; message: it works
DEBUG: datetime 2015-05-04 14:17:19,600; module courses.views in CoursesCreateView; message: it works
DEBUG: datetime 2015-05-04 14:17:19,605; module courses.views in index; message: it works
DEBUG: datetime 2015-05-04 14:17:19,624; module courses.views in index; message: it works
DEBUG: datetime 2015-05-04 14:17:19,633; module courses.views in index; message: it works
INFO: datetime 2015-05-04 14:17:19,647; module courses.views in get_context_data; message: works with context: {'lessons': [<Lesson: Первый урок>, <Lesson: Второй урок>], 'courses': <Courses: Python>, u'object': <Courses: Python>, 'course': <Courses: Python>, u'view': <courses.views.CoursesDetailView object at 0x7f5465693210>}
DEBUG: datetime 2015-05-04 14:18:21,389; module courses.views in CoursesForm; message: it works
DEBUG: datetime 2015-05-04 14:18:21,390; module courses.views in LessonForm; message: it works
DEBUG: datetime 2015-05-04 14:18:21,391; module courses.views in CoursesDetailView; message: it works
DEBUG: datetime 2015-05-04 14:18:21,391; module courses.views in CoursesCreateView; message: it works
DEBUG: datetime 2015-05-04 14:18:21,396; module courses.views in index; message: it works
DEBUG: datetime 2015-05-04 14:18:21,415; module courses.views in index; message: it works
DEBUG: datetime 2015-05-04 14:18:21,425; module courses.views in index; message: it works
INFO: datetime 2015-05-04 14:18:21,438; module courses.views in get_context_data; message: works with context: {'lessons': [<Lesson: Первый урок>, <Lesson: Второй урок>], 'courses': <Courses: Python>, u'object': <Courses: Python>, 'course': <Courses: Python>, u'view': <courses.views.CoursesDetailView object at 0x7f5820f50910>}
INFO: datetime 2015-05-04 14:21:55,770; module courses.views in get_context_data; message: works with context: {'lessons': [<Lesson: Вводное занятие>, <Lesson: Основное занятие>, <Lesson: Заключительное занятие>], 'courses': <Courses: python / django>, u'object': <Courses: python / django>, 'course': <Courses: python / django>, u'view': <courses.views.CoursesDetailView object at 0x7fe198b94c10>}
INFO: datetime 2015-05-04 14:21:56,600; module courses.views in get_context_data; message: works with context: {'lessons': [<Lesson: Вводное занятие>, <Lesson: Основное занятие>, <Lesson: Заключительное занятие>], 'courses': <Courses: python / django>, u'object': <Courses: python / django>, 'course': <Courses: python / django>, u'view': <courses.views.CoursesDetailView object at 0x7fe198baa190>}
DEBUG: datetime 2015-05-04 14:22:00,722; module courses.views in index; message: it works
DEBUG: datetime 2015-05-04 14:22:04,193; module courses.views in index; message: it works
DEBUG: datetime 2015-05-04 14:23:09,045; module courses.views in CoursesForm; message: it works
DEBUG: datetime 2015-05-04 14:23:09,047; module courses.views in LessonForm; message: it works
DEBUG: datetime 2015-05-04 14:23:09,048; module courses.views in CoursesDetailView; message: it works
DEBUG: datetime 2015-05-04 14:23:09,048; module courses.views in CoursesCreateView; message: it works
DEBUG: datetime 2015-05-04 14:23:09,053; module courses.views in index; message: it works
DEBUG: datetime 2015-05-04 14:23:09,073; module courses.views in index; message: it works
DEBUG: datetime 2015-05-04 14:23:09,083; module courses.views in index; message: it works
INFO: datetime 2015-05-04 14:23:09,099; module courses.views in get_context_data; message: works with context: {'lessons': [<Lesson: Первый урок>, <Lesson: Второй урок>], 'courses': <Courses: Python>, u'object': <Courses: Python>, 'course': <Courses: Python>, u'view': <courses.views.CoursesDetailView object at 0x7ff5ed691210>}
DEBUG: datetime 2015-05-04 14:25:16,876; module courses.views in CoursesForm; message: it works
DEBUG: datetime 2015-05-04 14:25:16,878; module courses.views in LessonForm; message: it works
DEBUG: datetime 2015-05-04 14:25:16,879; module courses.views in CoursesDetailView; message: it works
DEBUG: datetime 2015-05-04 14:25:16,879; module courses.views in CoursesCreateView; message: it works
DEBUG: datetime 2015-05-04 14:25:16,883; module courses.views in index; message: it works
DEBUG: datetime 2015-05-04 14:25:16,904; module courses.views in index; message: it works
DEBUG: datetime 2015-05-04 14:25:16,913; module courses.views in index; message: it works
INFO: datetime 2015-05-04 14:25:16,927; module courses.views in get_context_data; message: works with context: {'lessons': [<Lesson: Первый урок>, <Lesson: Второй урок>], 'courses': <Courses: Python>, u'object': <Courses: Python>, 'course': <Courses: Python>, u'view': <courses.views.CoursesDetailView object at 0x7fb110310210>}
DEBUG: datetime 2015-05-04 14:26:22,312; module courses.views in CoursesForm; message: it works
DEBUG: datetime 2015-05-04 14:26:22,313; module courses.views in LessonForm; message: it works
DEBUG: datetime 2015-05-04 14:26:22,314; module courses.views in CoursesDetailView; message: it works
DEBUG: datetime 2015-05-04 14:26:22,314; module courses.views in CoursesCreateView; message: it works
DEBUG: datetime 2015-05-04 14:26:22,320; module courses.views in index; message: it works
DEBUG: datetime 2015-05-04 14:26:22,341; module courses.views in index; message: it works
DEBUG: datetime 2015-05-04 14:26:22,350; module courses.views in index; message: it works
INFO: datetime 2015-05-04 14:26:22,364; module courses.views in get_context_data; message: works with context: {'lessons': [<Lesson: Первый урок>, <Lesson: Второй урок>], 'courses': <Courses: Python>, u'object': <Courses: Python>, 'course': <Courses: Python>, u'view': <courses.views.CoursesDetailView object at 0x7f4dcd85f210>}
DEBUG: datetime 2015-05-04 14:27:00,893; module courses.views in CoursesForm; message: it works
DEBUG: datetime 2015-05-04 14:27:00,894; module courses.views in LessonForm; message: it works
DEBUG: datetime 2015-05-04 14:27:00,895; module courses.views in CoursesDetailView; message: it works
DEBUG: datetime 2015-05-04 14:27:00,895; module courses.views in CoursesCreateView; message: it works
DEBUG: datetime 2015-05-04 14:27:00,901; module courses.views in index; message: it works
DEBUG: datetime 2015-05-04 14:27:00,920; module courses.views in index; message: it works
DEBUG: datetime 2015-05-04 14:27:00,930; module courses.views in index; message: it works
INFO: datetime 2015-05-04 14:27:00,943; module courses.views in get_context_data; message: works with context: {'lessons': [<Lesson: Первый урок>, <Lesson: Второй урок>], 'courses': <Courses: Python>, u'object': <Courses: Python>, 'course': <Courses: Python>, u'view': <courses.views.CoursesDetailView object at 0x7f677d443210>}
DEBUG: datetime 2015-05-04 14:27:12,506; module courses.views in CoursesForm; message: it works
DEBUG: datetime 2015-05-04 14:27:12,507; module courses.views in LessonForm; message: it works
DEBUG: datetime 2015-05-04 14:27:12,508; module courses.views in CoursesDetailView; message: it works
DEBUG: datetime 2015-05-04 14:27:12,508; module courses.views in CoursesCreateView; message: it works
DEBUG: datetime 2015-05-04 14:27:12,513; module courses.views in index; message: it works
DEBUG: datetime 2015-05-04 14:27:12,533; module courses.views in index; message: it works
DEBUG: datetime 2015-05-04 14:27:12,543; module courses.views in index; message: it works
INFO: datetime 2015-05-04 14:27:12,556; module courses.views in get_context_data; message: works with context: {'lessons': [<Lesson: Первый урок>, <Lesson: Второй урок>], 'courses': <Courses: Python>, u'object': <Courses: Python>, 'course': <Courses: Python>, u'view': <courses.views.CoursesDetailView object at 0x7f961f4ae210>}
DEBUG: datetime 2015-05-04 14:27:48,213; module courses.views in CoursesForm; message: it works
DEBUG: datetime 2015-05-04 14:27:48,214; module courses.views in LessonForm; message: it works
DEBUG: datetime 2015-05-04 14:27:48,215; module courses.views in CoursesDetailView; message: it works
DEBUG: datetime 2015-05-04 14:27:48,215; module courses.views in CoursesCreateView; message: it works
DEBUG: datetime 2015-05-04 14:27:48,221; module courses.views in index; message: it works
DEBUG: datetime 2015-05-04 14:27:48,241; module courses.views in index; message: it works
DEBUG: datetime 2015-05-04 14:27:48,252; module courses.views in index; message: it works
INFO: datetime 2015-05-04 14:27:48,266; module courses.views in get_context_data; message: works with context: {'lessons': [<Lesson: Первый урок>, <Lesson: Второй урок>], 'courses': <Courses: Python>, u'object': <Courses: Python>, 'course': <Courses: Python>, u'view': <courses.views.CoursesDetailView object at 0x7fdb8fa0e210>}
DEBUG: datetime 2015-05-04 14:28:42,749; module courses.views in CoursesForm; message: it works
DEBUG: datetime 2015-05-04 14:28:42,751; module courses.views in LessonForm; message: it works
DEBUG: datetime 2015-05-04 14:28:42,751; module courses.views in CoursesDetailView; message: it works
DEBUG: datetime 2015-05-04 14:28:42,752; module courses.views in CoursesCreateView; message: it works
DEBUG: datetime 2015-05-04 14:28:42,756; module courses.views in index; message: it works
DEBUG: datetime 2015-05-04 14:28:42,776; module courses.views in index; message: it works
DEBUG: datetime 2015-05-04 14:28:42,785; module courses.views in index; message: it works
INFO: datetime 2015-05-04 14:28:42,799; module courses.views in get_context_data; message: works with context: {'lessons': [<Lesson: Первый урок>, <Lesson: Второй урок>], 'courses': <Courses: Python>, u'object': <Courses: Python>, 'course': <Courses: Python>, u'view': <courses.views.CoursesDetailView object at 0x7f3c7f1970d0>}
DEBUG: datetime 2015-05-04 14:29:54,672; module courses.views in CoursesForm; message: it works
DEBUG: datetime 2015-05-04 14:29:54,673; module courses.views in LessonForm; message: it works
DEBUG: datetime 2015-05-04 14:29:54,674; module courses.views in CoursesDetailView; message: it works
DEBUG: datetime 2015-05-04 14:29:54,674; module courses.views in CoursesCreateView; message: it works
DEBUG: datetime 2015-05-04 14:29:54,679; module courses.views in index; message: it works
DEBUG: datetime 2015-05-04 14:29:54,699; module courses.views in index; message: it works
DEBUG: datetime 2015-05-04 14:29:54,709; module courses.views in index; message: it works
INFO: datetime 2015-05-04 14:29:54,723; module courses.views in get_context_data; message: works with context: {'lessons': [<Lesson: Первый урок>, <Lesson: Второй урок>], 'courses': <Courses: Python>, u'object': <Courses: Python>, 'course': <Courses: Python>, u'view': <courses.views.CoursesDetailView object at 0x7f912663b0d0>}
DEBUG: datetime 2015-05-04 14:31:53,939; module courses.views in index; message: it works
INFO: datetime 2015-05-04 14:31:57,389; module courses.views in get_context_data; message: works with context: {'lessons': [<Lesson: Типы данных>, <Lesson: Массивы>, <Lesson: Переменные>], 'courses': <Courses: Java>, u'object': <Courses: Java>, 'course': <Courses: Java>, u'view': <courses.views.CoursesDetailView object at 0x7fe1982d52d0>}
DEBUG: datetime 2015-05-04 14:32:05,160; module courses.views in index; message: it works
INFO: datetime 2015-05-04 14:32:46,835; module courses.views in get_context_data; message: works with context: {'lessons': [<Lesson: Типы данных>, <Lesson: Массивы>, <Lesson: Переменные>], 'courses': <Courses: Java>, u'object': <Courses: Java>, 'course': <Courses: Java>, u'view': <courses.views.CoursesDetailView object at 0x7fe1981c4090>}
DEBUG: datetime 2015-05-04 14:32:53,499; module courses.views in index; message: it works
INFO: datetime 2015-05-04 14:32:54,857; module courses.views in get_context_data; message: works with context: {'lessons': [<Lesson: Вводное занятие>, <Lesson: Основное занятие>, <Lesson: Заключительное занятие>], 'courses': <Courses: python / django>, u'object': <Courses: python / django>, 'course': <Courses: python / django>, u'view': <courses.views.CoursesDetailView object at 0x7fe1981c4210>}
DEBUG: datetime 2015-05-04 14:32:58,767; module courses.views in index; message: it works
INFO: datetime 2015-05-04 14:33:00,388; module courses.views in get_context_data; message: works with context: {'lessons': [<Lesson: Типы данных>, <Lesson: Массивы>, <Lesson: Переменные>], 'courses': <Courses: Java>, u'object': <Courses: Java>, 'course': <Courses: Java>, u'view': <courses.views.CoursesDetailView object at 0x7fe19821b6d0>}
DEBUG: datetime 2015-05-04 14:33:08,096; module courses.views in index; message: it works
INFO: datetime 2015-05-04 14:33:20,653; module courses.views in get_context_data; message: works with context: {'lessons': [<Lesson: Типы данных>, <Lesson: Массивы>, <Lesson: Переменные>], 'courses': <Courses: Java>, u'object': <Courses: Java>, 'course': <Courses: Java>, u'view': <courses.views.CoursesDetailView object at 0x7fe1981cee10>}
DEBUG: datetime 2015-05-04 14:35:15,922; module courses.views in index; message: it works
DEBUG: datetime 2015-05-04 14:35:23,575; module courses.views in CoursesForm; message: it works
DEBUG: datetime 2015-05-04 14:35:23,576; module courses.views in LessonForm; message: it works
DEBUG: datetime 2015-05-04 14:35:23,577; module courses.views in CoursesDetailView; message: it works
DEBUG: datetime 2015-05-04 14:35:23,577; module courses.views in CoursesCreateView; message: it works
DEBUG: datetime 2015-05-04 14:35:23,582; module courses.views in index; message: it works
DEBUG: datetime 2015-05-04 14:35:23,603; module courses.views in index; message: it works
DEBUG: datetime 2015-05-04 14:35:23,613; module courses.views in index; message: it works
INFO: datetime 2015-05-04 14:35:23,626; module courses.views in get_context_data; message: works with context: {'lessons': [<Lesson: Первый урок>, <Lesson: Второй урок>], 'courses': <Courses: Python>, u'object': <Courses: Python>, 'course': <Courses: Python>, u'view': <courses.views.CoursesDetailView object at 0x7f17e009a0d0>}
DEBUG: datetime 2015-05-04 14:38:05,403; module courses.views in CoursesForm; message: it works
DEBUG: datetime 2015-05-04 14:38:05,405; module courses.views in LessonForm; message: it works
DEBUG: datetime 2015-05-04 14:38:05,405; module courses.views in CoursesDetailView; message: it works
DEBUG: datetime 2015-05-04 14:38:05,406; module courses.views in CoursesCreateView; message: it works
DEBUG: datetime 2015-05-04 14:38:05,411; module courses.views in index; message: it works
DEBUG: datetime 2015-05-04 14:38:05,430; module courses.views in index; message: it works
DEBUG: datetime 2015-05-04 14:38:05,440; module courses.views in index; message: it works
INFO: datetime 2015-05-04 14:38:05,453; module courses.views in get_context_data; message: works with context: {'lessons': [<Lesson: Первый урок>, <Lesson: Второй урок>], 'courses': <Courses: Python>, u'object': <Courses: Python>, 'course': <Courses: Python>, u'view': <courses.views.CoursesDetailView object at 0x7f3ab4cc60d0>}
DEBUG: datetime 2015-05-04 14:38:16,225; module courses.views in CoursesForm; message: it works
DEBUG: datetime 2015-05-04 14:38:16,227; module courses.views in LessonForm; message: it works
DEBUG: datetime 2015-05-04 14:38:16,227; module courses.views in CoursesDetailView; message: it works
DEBUG: datetime 2015-05-04 14:38:16,228; module courses.views in CoursesCreateView; message: it works
DEBUG: datetime 2015-05-04 14:38:16,232; module courses.views in index; message: it works
DEBUG: datetime 2015-05-04 14:38:16,252; module courses.views in index; message: it works
DEBUG: datetime 2015-05-04 14:38:16,261; module courses.views in index; message: it works
INFO: datetime 2015-05-04 14:38:16,275; module courses.views in get_context_data; message: works with context: {'lessons': [<Lesson: Первый урок>, <Lesson: Второй урок>], 'courses': <Courses: Python>, u'object': <Courses: Python>, 'course': <Courses: Python>, u'view': <courses.views.CoursesDetailView object at 0x7f5d4fdc50d0>}
DEBUG: datetime 2015-05-04 14:38:35,008; module courses.views in CoursesForm; message: it works
DEBUG: datetime 2015-05-04 14:38:35,009; module courses.views in LessonForm; message: it works
DEBUG: datetime 2015-05-04 14:38:35,010; module courses.views in CoursesDetailView; message: it works
DEBUG: datetime 2015-05-04 14:38:35,010; module courses.views in CoursesCreateView; message: it works
DEBUG: datetime 2015-05-04 14:38:35,015; module courses.views in index; message: it works
DEBUG: datetime 2015-05-04 14:38:35,036; module courses.views in index; message: it works
DEBUG: datetime 2015-05-04 14:38:35,046; module courses.views in index; message: it works
INFO: datetime 2015-05-04 14:38:35,060; module courses.views in get_context_data; message: works with context: {'lessons': [<Lesson: Первый урок>, <Lesson: Второй урок>], 'courses': <Courses: Python>, u'object': <Courses: Python>, 'course': <Courses: Python>, u'view': <courses.views.CoursesDetailView object at 0x7f8c101970d0>}
DEBUG: datetime 2015-05-04 14:39:03,667; module courses.views in CoursesForm; message: it works
DEBUG: datetime 2015-05-04 14:39:03,668; module courses.views in LessonForm; message: it works
DEBUG: datetime 2015-05-04 14:39:03,669; module courses.views in CoursesDetailView; message: it works
DEBUG: datetime 2015-05-04 14:39:03,669; module courses.views in CoursesCreateView; message: it works
DEBUG: datetime 2015-05-04 14:39:03,674; module courses.views in index; message: it works
DEBUG: datetime 2015-05-04 14:39:03,695; module courses.views in index; message: it works
DEBUG: datetime 2015-05-04 14:39:03,706; module courses.views in index; message: it works
INFO: datetime 2015-05-04 14:39:03,720; module courses.views in get_context_data; message: works with context: {'lessons': [<Lesson: Первый урок>, <Lesson: Второй урок>], 'courses': <Courses: Python>, u'object': <Courses: Python>, 'course': <Courses: Python>, u'view': <courses.views.CoursesDetailView object at 0x7fcbddc46210>}
INFO: datetime 2015-05-04 14:41:21,607; module courses.views in get_context_data; message: works with context: {'lessons': [<Lesson: Вводное занятие>, <Lesson: Основное занятие>, <Lesson: Заключительное занятие>], 'courses': <Courses: python / django>, u'object': <Courses: python / django>, 'course': <Courses: python / django>, u'view': <courses.views.CoursesDetailView object at 0x7fe198b9acd0>}
INFO: datetime 2015-05-04 15:24:49,743; module courses.views in get_context_data; message: works with context: {'lessons': [<Lesson: Вводное занятие>, <Lesson: Основное занятие>, <Lesson: Заключительное занятие>], 'courses': <Courses: python / django>, u'object': <Courses: python / django>, 'course': <Courses: python / django>, u'view': <courses.views.CoursesDetailView object at 0x7fe1981ce190>}
DEBUG: datetime 2015-05-04 15:24:55,745; module courses.views in index; message: it works
INFO: datetime 2015-05-04 15:24:57,368; module courses.views in get_context_data; message: works with context: {'lessons': [<Lesson: Типы данных>, <Lesson: Массивы>, <Lesson: Переменные>], 'courses': <Courses: Java>, u'object': <Courses: Java>, 'course': <Courses: Java>, u'view': <courses.views.CoursesDetailView object at 0x7fe198b13750>}
DEBUG: datetime 2015-05-04 15:29:23,425; module courses.views in CoursesForm; message: it works
DEBUG: datetime 2015-05-04 15:29:23,426; module courses.views in LessonForm; message: it works
DEBUG: datetime 2015-05-04 15:29:23,429; module courses.views in CoursesDetailView; message: it works
DEBUG: datetime 2015-05-04 15:29:23,429; module courses.views in CoursesCreateView; message: it works
INFO: datetime 2015-05-04 15:29:23,434; module courses.views in get_context_data; message: works with context: {'lessons': [], 'courses': <Courses: Курс Python>, u'object': <Courses: Курс Python>, 'course': <Courses: Курс Python>, u'view': <courses.views.CoursesDetailView object at 0x7ff94fb7ed50>}
DEBUG: datetime 2015-05-04 15:31:10,003; module courses.views in CoursesForm; message: it works
DEBUG: datetime 2015-05-04 15:31:10,005; module courses.views in LessonForm; message: it works
DEBUG: datetime 2015-05-04 15:31:10,005; module courses.views in CoursesDetailView; message: it works
DEBUG: datetime 2015-05-04 15:31:10,005; module courses.views in CoursesCreateView; message: it works
DEBUG: datetime 2015-05-04 15:32:14,845; module courses.views in CoursesForm; message: it works
DEBUG: datetime 2015-05-04 15:32:14,846; module courses.views in LessonForm; message: it works
DEBUG: datetime 2015-05-04 15:32:14,847; module courses.views in CoursesDetailView; message: it works
DEBUG: datetime 2015-05-04 15:32:14,847; module courses.views in CoursesCreateView; message: it works
DEBUG: datetime 2015-05-04 15:32:33,350; module courses.views in CoursesForm; message: it works
DEBUG: datetime 2015-05-04 15:32:33,352; module courses.views in LessonForm; message: it works
DEBUG: datetime 2015-05-04 15:32:33,353; module courses.views in CoursesDetailView; message: it works
DEBUG: datetime 2015-05-04 15:32:33,353; module courses.views in CoursesCreateView; message: it works
DEBUG: datetime 2015-05-04 15:33:17,869; module courses.views in CoursesForm; message: it works
DEBUG: datetime 2015-05-04 15:33:17,871; module courses.views in LessonForm; message: it works
DEBUG: datetime 2015-05-04 15:33:17,871; module courses.views in CoursesDetailView; message: it works
DEBUG: datetime 2015-05-04 15:33:17,872; module courses.views in CoursesCreateView; message: it works
DEBUG: datetime 2015-05-04 15:33:40,806; module courses.views in CoursesForm; message: it works
DEBUG: datetime 2015-05-04 15:33:40,807; module courses.views in LessonForm; message: it works
DEBUG: datetime 2015-05-04 15:33:40,808; module courses.views in CoursesDetailView; message: it works
DEBUG: datetime 2015-05-04 15:33:40,808; module courses.views in CoursesCreateView; message: it works
DEBUG: datetime 2015-05-04 15:34:19,475; module courses.views in CoursesForm; message: it works
DEBUG: datetime 2015-05-04 15:34:19,476; module courses.views in LessonForm; message: it works
DEBUG: datetime 2015-05-04 15:34:19,477; module courses.views in CoursesDetailView; message: it works
DEBUG: datetime 2015-05-04 15:34:19,477; module courses.views in CoursesCreateView; message: it works
DEBUG: datetime 2015-05-04 15:34:44,402; module courses.views in CoursesForm; message: it works
DEBUG: datetime 2015-05-04 15:34:44,403; module courses.views in LessonForm; message: it works
DEBUG: datetime 2015-05-04 15:34:44,404; module courses.views in CoursesDetailView; message: it works
DEBUG: datetime 2015-05-04 15:34:44,404; module courses.views in CoursesCreateView; message: it works
DEBUG: datetime 2015-05-04 15:35:28,262; module courses.views in CoursesForm; message: it works
DEBUG: datetime 2015-05-04 15:35:28,263; module courses.views in LessonForm; message: it works
DEBUG: datetime 2015-05-04 15:35:28,266; module courses.views in CoursesDetailView; message: it works
DEBUG: datetime 2015-05-04 15:35:28,266; module courses.views in CoursesCreateView; message: it works
DEBUG: datetime 2015-05-04 15:39:22,108; module courses.views in CoursesForm; message: it works
DEBUG: datetime 2015-05-04 15:39:22,109; module courses.views in LessonForm; message: it works
DEBUG: datetime 2015-05-04 15:39:22,113; module courses.views in CoursesDetailView; message: it works
DEBUG: datetime 2015-05-04 15:39:22,113; module courses.views in CoursesCreateView; message: it works
DEBUG: datetime 2015-05-04 15:40:06,042; module courses.views in CoursesForm; message: it works
DEBUG: datetime 2015-05-04 15:40:06,044; module courses.views in LessonForm; message: it works
DEBUG: datetime 2015-05-04 15:40:06,047; module courses.views in CoursesDetailView; message: it works
DEBUG: datetime 2015-05-04 15:40:06,048; module courses.views in CoursesCreateView; message: it works
DEBUG: datetime 2015-05-04 15:40:18,951; module courses.views in index; message: it works
INFO: datetime 2015-05-04 15:40:23,326; module courses.views in get_context_data; message: works with context: {'lessons': [<Lesson: Типы данных>, <Lesson: Массивы>, <Lesson: Переменные>], 'courses': <Courses: Java>, u'object': <Courses: Java>, 'course': <Courses: Java>, u'view': <courses.views.CoursesDetailView object at 0x7fe1981ce290>}
DEBUG: datetime 2015-05-04 15:41:16,084; module courses.views in CoursesForm; message: it works
DEBUG: datetime 2015-05-04 15:41:16,085; module courses.views in LessonForm; message: it works
DEBUG: datetime 2015-05-04 15:41:16,088; module courses.views in CoursesDetailView; message: it works
DEBUG: datetime 2015-05-04 15:41:16,088; module courses.views in CoursesCreateView; message: it works
DEBUG: datetime 2015-05-04 15:41:52,050; module courses.views in CoursesForm; message: it works
DEBUG: datetime 2015-05-04 15:41:52,051; module courses.views in LessonForm; message: it works
DEBUG: datetime 2015-05-04 15:41:52,055; module courses.views in CoursesDetailView; message: it works
DEBUG: datetime 2015-05-04 15:41:52,055; module courses.views in CoursesCreateView; message: it works
DEBUG: datetime 2015-05-04 15:41:59,764; module courses.views in CoursesForm; message: it works
DEBUG: datetime 2015-05-04 15:41:59,765; module courses.views in LessonForm; message: it works
DEBUG: datetime 2015-05-04 15:41:59,769; module courses.views in CoursesDetailView; message: it works
DEBUG: datetime 2015-05-04 15:41:59,769; module courses.views in CoursesCreateView; message: it works
DEBUG: datetime 2015-05-04 15:45:34,437; module courses.views in CoursesForm; message: it works
DEBUG: datetime 2015-05-04 15:45:34,438; module courses.views in LessonForm; message: it works
DEBUG: datetime 2015-05-04 15:45:34,442; module courses.views in CoursesDetailView; message: it works
DEBUG: datetime 2015-05-04 15:45:34,443; module courses.views in CoursesCreateView; message: it works
DEBUG: datetime 2015-05-04 15:49:18,368; module courses.views in index; message: it works
