WARNING 2015-04-27 15:36:22,360 views 3559 140196498323200 Some warning info for student - Ольга Котульская
ERROR 2015-04-27 15:36:22,367 views 3559 140196498323200 Some error info for student - Ольга Котульская
WARNING 2015-04-27 15:46:21,852 views 3691 140691418900224 Some warning info for student - Ольга Котульская
ERROR 2015-04-27 15:46:21,857 views 3691 140691418900224 Some error info for student - Ольга Котульская
WARNING 2015-04-27 15:47:21,356 views 3691 140691418900224 Some warning info for student - Михаил Жуланов
ERROR 2015-04-27 15:47:21,367 views 3691 140691418900224 Some error info for student - Михаил Жуланов
WARNING 2015-04-27 16:05:31,931 views get_queryset Some warning info for student - Анна Рассоха
ERROR 2015-04-27 16:05:31,940 views get_queryset Some error info for student - Анна Рассоха
WARNING 2015-04-27 16:08:29,523 views get_queryset 29 Some warning info for student - Максим Топчий
ERROR 2015-04-27 16:08:29,528 views get_queryset 30 Some error info for student - Максим Топчий
WARNING 2015-04-30 10:20:12,181 views get_queryset 29 Some warning info for student - Михаил Жуланов
ERROR 2015-04-30 10:20:12,221 views get_queryset 30 Some error info for student - Михаил Жуланов
WARNING 2015-04-30 10:21:09,284 views get_queryset 29 Some warning info for student - Анна Рассоха
ERROR 2015-04-30 10:21:09,293 views get_queryset 30 Some error info for student - Анна Рассоха
WARNING 2015-04-30 10:21:39,117 views get_queryset 29 Some warning info for student - Олеся Афонина
ERROR 2015-04-30 10:21:39,124 views get_queryset 30 Some error info for student - Олеся Афонина
WARNING 2015-04-30 10:59:01,771 views get_queryset 33 Some warning info for student - Анна Рассоха
ERROR 2015-04-30 10:59:01,772 views get_queryset 34 Some error info for student - Анна Рассоха
WARNING 2015-04-30 11:04:21,387 views get_context_data 34 Some warning info for student - Анна Рассоха
ERROR 2015-04-30 11:04:21,387 views get_context_data 35 Some error info for student - Анна Рассоха
WARNING 2015-04-30 11:54:04,657 views get_context_data 34 Some warning info for student - Alena Tverdokhleb
ERROR 2015-04-30 11:54:04,658 views get_context_data 35 Some error info for student - Alena Tverdokhleb
WARNING 2015-04-30 11:55:16,933 views get_context_data 34 Some warning info for student - Alena Tverdokhleb
ERROR 2015-04-30 11:55:16,934 views get_context_data 35 Some error info for student - Alena Tverdokhleb
WARNING 2015-04-30 11:56:17,436 views get_context_data 34 Some warning info for student - Alena Tverdokhleb
ERROR 2015-04-30 11:56:17,436 views get_context_data 35 Some error info for student - Alena Tverdokhleb
WARNING 2015-04-30 11:58:36,285 views get_context_data 34 Some warning info for student - Alena Tverdokhleb
ERROR 2015-04-30 11:58:36,286 views get_context_data 35 Some error info for student - Alena Tverdokhleb
WARNING 2015-04-30 12:07:50,272 views get_context_data 34 Some warning info for student - Alena Tverdokhleb
ERROR 2015-04-30 12:07:50,273 views get_context_data 35 Some error info for student - Alena Tverdokhleb
WARNING 2015-04-30 12:30:07,238 views get_context_data 34 Some warning info for student - Алена Твердохлеб
ERROR 2015-04-30 12:30:07,240 views get_context_data 35 Some error info for student - Алена Твердохлеб
WARNING 2015-04-30 12:32:12,721 views get_context_data 34 Some warning info for student - Алена Твердохлеб
ERROR 2015-04-30 12:32:12,722 views get_context_data 35 Some error info for student - Алена Твердохлеб
WARNING 2015-04-30 12:33:06,686 views get_context_data 34 Some warning info for student - Анна Рассоха
ERROR 2015-04-30 12:33:06,687 views get_context_data 35 Some error info for student - Анна Рассоха
WARNING 2015-04-30 12:34:48,312 views get_context_data 34 Some warning info for student - Анна Рассоха
ERROR 2015-04-30 12:34:48,313 views get_context_data 35 Some error info for student - Анна Рассоха
WARNING 2015-04-30 13:03:15,259 views get_context_data 34 Some warning info for student - Алена Твердохлеб
ERROR 2015-04-30 13:03:15,260 views get_context_data 35 Some error info for student - Алена Твердохлеб
WARNING 2015-04-30 13:04:09,704 views get_context_data 34 Some warning info for student - Алена Твердохлеб
ERROR 2015-04-30 13:04:09,705 views get_context_data 35 Some error info for student - Алена Твердохлеб
WARNING 2015-04-30 13:08:03,752 views get_context_data 34 Some warning info for student - Алена Твердохлеб
ERROR 2015-04-30 13:08:03,753 views get_context_data 35 Some error info for student - Алена Твердохлеб
WARNING 2015-04-30 13:50:26,456 views get_context_data 34 Some warning info for student - Алена Твердохлеб
ERROR 2015-04-30 13:50:26,457 views get_context_data 35 Some error info for student - Алена Твердохлеб
WARNING 2015-04-30 13:51:15,309 views get_context_data 34 Some warning info for student - Алена Твердохлеб
ERROR 2015-04-30 13:51:15,310 views get_context_data 35 Some error info for student - Алена Твердохлеб
WARNING 2015-04-30 13:52:07,676 views get_context_data 34 Some warning info for student - Алена Твердохлеб
ERROR 2015-04-30 13:52:07,677 views get_context_data 35 Some error info for student - Алена Твердохлеб
WARNING 2015-04-30 14:03:36,748 views get_context_data 34 Some warning info for student - Алена Твердохлеб
ERROR 2015-04-30 14:03:36,749 views get_context_data 35 Some error info for student - Алена Твердохлеб
WARNING 2015-04-30 14:04:31,401 views get_context_data 34 Some warning info for student - Алена Твердохлеб
ERROR 2015-04-30 14:04:31,402 views get_context_data 35 Some error info for student - Алена Твердохлеб
WARNING 2015-04-30 14:05:45,600 views get_context_data 34 Some warning info for student - Алена Твердохлеб
ERROR 2015-04-30 14:05:45,600 views get_context_data 35 Some error info for student - Алена Твердохлеб
WARNING 2015-04-30 14:10:16,394 views get_context_data 34 Some warning info for student - Алена Твердохлеб
ERROR 2015-04-30 14:10:16,395 views get_context_data 35 Some error info for student - Алена Твердохлеб
WARNING 2015-04-30 14:17:23,361 views get_context_data 34 Some warning info for student - Алена Твердохлеб
ERROR 2015-04-30 14:17:23,362 views get_context_data 35 Some error info for student - Алена Твердохлеб
WARNING 2015-04-30 14:21:09,111 views get_context_data 34 Some warning info for student - Алена Твердохлеб
ERROR 2015-04-30 14:21:09,113 views get_context_data 35 Some error info for student - Алена Твердохлеб
WARNING 2015-04-30 14:25:31,855 views get_context_data Some warning info for student - Михаил Жуланов
ERROR 2015-04-30 14:25:31,856 views get_context_data Some error info for student - Михаил Жуланов
WARNING 2015-04-30 14:29:18,341 views get_context_data Some warning info for student - Алена Твердохлеб
ERROR 2015-04-30 14:29:18,342 views get_context_data Some error info for student - Алена Твердохлеб
WARNING 2015-04-30 14:36:52,884 views get_context_data Some warning info for student - Алена Твердохлеб
ERROR 2015-04-30 14:36:52,885 views get_context_data Some error info for student - Алена Твердохлеб
WARNING 2015-04-30 14:38:05,105 views get_context_data Some warning info for student - Алена Твердохлеб
ERROR 2015-04-30 14:38:05,105 views get_context_data Some error info for student - Алена Твердохлеб
