WARNING 2015-05-02 14:33:03,329 
Module: views 
Function: StudentDetailView 
Message: WARNING logger in course


ERROR 2015-05-02 14:33:03,329 
Module: views 
Function: StudentDetailView 
Message: ERROR logger in course


WARNING 2015-05-02 14:43:31,944 
Module: views 
Function: StudentDetailView 
Message: WARNING logger in course


ERROR 2015-05-02 14:43:31,944 
Module: views 
Function: StudentDetailView 
Message: ERROR logger in course


WARNING 2015-05-02 14:43:44,718 
Module: views 
Function: StudentDetailView 
Message: WARNING logger in course


ERROR 2015-05-02 14:43:44,718 
Module: views 
Function: StudentDetailView 
Message: ERROR logger in course


WARNING 2015-05-02 14:45:20,343 
Module: views 
Function: StudentDetailView 
Message: WARNING logger in course


ERROR 2015-05-02 14:45:20,343 
Module: views 
Function: StudentDetailView 
Message: ERROR logger in course


WARNING 2015-05-02 14:45:35,050 
Module: views 
Function: StudentDetailView 
Message: WARNING logger in course


ERROR 2015-05-02 14:45:35,050 
Module: views 
Function: StudentDetailView 
Message: ERROR logger in course


WARNING 2015-05-02 14:46:57,477 
Module: views 
Function: StudentDetailView 
Message: WARNING logger in course


ERROR 2015-05-02 14:46:57,477 
Module: views 
Function: StudentDetailView 
Message: ERROR logger in course


WARNING 2015-05-02 14:47:44,125 
Module: views 
Function: StudentDetailView 
Message: WARNING logger in course


ERROR 2015-05-02 14:47:44,125 
Module: views 
Function: StudentDetailView 
Message: ERROR logger in course


WARNING 2015-05-02 14:48:01,645 
Module: views 
Function: StudentDetailView 
Message: WARNING logger in course


ERROR 2015-05-02 14:48:01,645 
Module: views 
Function: StudentDetailView 
Message: ERROR logger in course


WARNING 2015-05-02 14:48:53,634 
Module: views 
Function: StudentDetailView 
Message: WARNING logger in course


ERROR 2015-05-02 14:48:53,634 
Module: views 
Function: StudentDetailView 
Message: ERROR logger in course


WARNING 2015-05-02 15:13:24,925 
Module: views 
Function: StudentDetailView 
Message: WARNING logger in course


ERROR 2015-05-02 15:13:24,925 
Module: views 
Function: StudentDetailView 
Message: ERROR logger in course


WARNING 2015-05-02 15:27:17,612 
Module: views 
Function: StudentDetailView 
Message: WARNING logger in course


ERROR 2015-05-02 15:27:17,612 
Module: views 
Function: StudentDetailView 
Message: ERROR logger in course


WARNING 2015-05-02 15:27:56,375 
Module: views 
Function: StudentDetailView 
Message: WARNING logger in course


ERROR 2015-05-02 15:27:56,375 
Module: views 
Function: StudentDetailView 
Message: ERROR logger in course


WARNING 2015-05-02 15:29:12,218 
Module: views 
Function: StudentDetailView 
Message: WARNING logger in course


ERROR 2015-05-02 15:29:12,218 
Module: views 
Function: StudentDetailView 
Message: ERROR logger in course


WARNING 2015-05-02 15:29:34,935 
Module: views 
Function: StudentDetailView 
Message: WARNING logger in course


ERROR 2015-05-02 15:29:34,936 
Module: views 
Function: StudentDetailView 
Message: ERROR logger in course


WARNING 2015-05-02 15:34:11,504 
Module: views 
Function: StudentDetailView 
Message: WARNING logger in course


ERROR 2015-05-02 15:34:11,504 
Module: views 
Function: StudentDetailView 
Message: ERROR logger in course


WARNING 2015-05-02 15:34:24,433 
Module: views 
Function: StudentDetailView 
Message: WARNING logger in course


ERROR 2015-05-02 15:34:24,433 
Module: views 
Function: StudentDetailView 
Message: ERROR logger in course


WARNING 2015-05-02 15:37:21,837 
Module: views 
Function: StudentDetailView 
Message: WARNING logger in course


ERROR 2015-05-02 15:37:21,837 
Module: views 
Function: StudentDetailView 
Message: ERROR logger in course


WARNING 2015-05-02 15:37:45,239 
Module: views 
Function: StudentDetailView 
Message: WARNING logger in course


ERROR 2015-05-02 15:37:45,239 
Module: views 
Function: StudentDetailView 
Message: ERROR logger in course


WARNING 2015-05-02 15:38:29,383 
Module: views 
Function: StudentDetailView 
Message: WARNING logger in course


ERROR 2015-05-02 15:38:29,383 
Module: views 
Function: StudentDetailView 
Message: ERROR logger in course


WARNING 2015-05-02 15:38:52,176 
Module: views 
Function: StudentDetailView 
Message: WARNING logger in course


ERROR 2015-05-02 15:38:52,176 
Module: views 
Function: StudentDetailView 
Message: ERROR logger in course


WARNING 2015-05-02 15:39:35,128 
Module: views 
Function: StudentDetailView 
Message: WARNING logger in course


ERROR 2015-05-02 15:39:35,128 
Module: views 
Function: StudentDetailView 
Message: ERROR logger in course


WARNING 2015-05-02 15:54:35,751 
Module: views 
Function: StudentDetailView 
Message: WARNING logger in course


ERROR 2015-05-02 15:54:35,751 
Module: views 
Function: StudentDetailView 
Message: ERROR logger in course


WARNING 2015-05-02 15:57:14,968 
Module: views 
Function: StudentDetailView 
Message: WARNING logger in course


ERROR 2015-05-02 15:57:14,968 
Module: views 
Function: StudentDetailView 
Message: ERROR logger in course


WARNING 2015-05-02 15:59:37,526 
Module: views 
Function: StudentDetailView 
Message: WARNING logger in course


ERROR 2015-05-02 15:59:37,526 
Module: views 
Function: StudentDetailView 
Message: ERROR logger in course


WARNING 2015-05-02 16:02:37,216 
Module: views 
Function: StudentDetailView 
Message: WARNING logger in course


ERROR 2015-05-02 16:02:37,217 
Module: views 
Function: StudentDetailView 
Message: ERROR logger in course


WARNING 2015-05-02 16:02:56,935 
Module: views 
Function: StudentDetailView 
Message: WARNING logger in course


ERROR 2015-05-02 16:02:56,935 
Module: views 
Function: StudentDetailView 
Message: ERROR logger in course


WARNING 2015-05-02 16:11:37,390 
Module: views 
Function: StudentDetailView 
Message: WARNING logger in course


ERROR 2015-05-02 16:11:37,391 
Module: views 
Function: StudentDetailView 
Message: ERROR logger in course


WARNING 2015-05-02 16:14:48,153 
Module: views 
Function: StudentDetailView 
Message: WARNING logger in course


ERROR 2015-05-02 16:14:48,153 
Module: views 
Function: StudentDetailView 
Message: ERROR logger in course


WARNING 2015-05-02 16:16:38,823 
Module: views 
Function: StudentDetailView 
Message: WARNING logger in course


ERROR 2015-05-02 16:16:38,823 
Module: views 
Function: StudentDetailView 
Message: ERROR logger in course


WARNING 2015-05-02 16:20:45,668 
Module: views 
Function: StudentDetailView 
Message: WARNING logger in course


ERROR 2015-05-02 16:20:45,668 
Module: views 
Function: StudentDetailView 
Message: ERROR logger in course


WARNING 2015-05-02 16:31:39,706 
Module: views 
Function: StudentDetailView 
Message: WARNING logger in course


ERROR 2015-05-02 16:31:39,707 
Module: views 
Function: StudentDetailView 
Message: ERROR logger in course


WARNING 2015-05-02 16:33:57,974 
Module: views 
Function: StudentDetailView 
Message: WARNING logger in course


ERROR 2015-05-02 16:33:57,974 
Module: views 
Function: StudentDetailView 
Message: ERROR logger in course


WARNING 2015-05-02 16:36:09,347 
Module: views 
Function: StudentDetailView 
Message: WARNING logger in course


ERROR 2015-05-02 16:36:09,347 
Module: views 
Function: StudentDetailView 
Message: ERROR logger in course


WARNING 2015-05-02 16:37:21,786 
Module: views 
Function: StudentDetailView 
Message: WARNING logger in course


ERROR 2015-05-02 16:37:21,786 
Module: views 
Function: StudentDetailView 
Message: ERROR logger in course


WARNING 2015-05-02 16:39:48,655 
Module: views 
Function: StudentDetailView 
Message: WARNING logger in course


ERROR 2015-05-02 16:39:48,655 
Module: views 
Function: StudentDetailView 
Message: ERROR logger in course


