


WARNING 2015-05-05 23:00:36,865 
Module: views 
Function: StudentDetailView 
Message: Hey you. Pay attention! | student detail


ERROR 2015-05-05 23:00:36,865 
Module: views 
Function: StudentDetailView 
Message: Check again. There can be an error! | student detail


DEBUG 2015-05-05 23:01:44,728 
Module: views 
Function: StudentDetailView 
Message: Logging debug | student detail


INFO 2015-05-05 23:01:44,729 
Module: views 
Function: StudentDetailView 
Message: Some info.... | student detail


WARNING 2015-05-05 23:01:44,730 
Module: views 
Function: StudentDetailView 
Message: Hey you. Pay attention! | student detail


ERROR 2015-05-05 23:01:44,730 
Module: views 
Function: StudentDetailView 
Message: Check again. There can be an error! | student detail


WARNING 2015-05-05 23:11:05,428 
Module: views 
Function: StudentDetailView 
Message: Hey you. Pay attention! | student detail


ERROR 2015-05-05 23:11:05,428 
Module: views 
Function: StudentDetailView 
Message: Check again. There can be an error! | student detail


WARNING 2015-05-05 23:13:20,657 
Module: views 
Function: StudentDetailView 
Message: Hey you. Pay attention! | student detail


ERROR 2015-05-05 23:13:20,657 
Module: views 
Function: StudentDetailView 
Message: Check again. There can be an error! | student detail


WARNING 2015-05-05 23:13:32,718 
Module: views 
Function: StudentDetailView 
Message: Hey you. Pay attention! | student detail


ERROR 2015-05-05 23:13:32,718 
Module: views 
Function: StudentDetailView 
Message: Check again. There can be an error! | student detail


